2023-09-09 00:08:41 [main] INFO  c.u.j.c.EnableEncryptablePropertiesBeanFactoryPostProcessor - Post-processing PropertySource instances
2023-09-09 00:08:41 [main] INFO  c.u.j.EncryptablePropertySourceConverter - Converting PropertySource configurationProperties [org.springframework.boot.context.properties.source.ConfigurationPropertySourcesPropertySource] to AOP Proxy
2023-09-09 00:08:41 [main] INFO  c.u.j.EncryptablePropertySourceConverter - Converting PropertySource bootstrap [org.springframework.core.env.MapPropertySource] to EncryptableMapPropertySourceWrapper
2023-09-09 00:08:41 [main] INFO  c.u.j.EncryptablePropertySourceConverter - Converting PropertySource systemProperties [org.springframework.core.env.PropertiesPropertySource] to EncryptableMapPropertySourceWrapper
2023-09-09 00:08:41 [main] INFO  c.u.j.EncryptablePropertySourceConverter - Converting PropertySource systemEnvironment [org.springframework.boot.env.SystemEnvironmentPropertySourceEnvironmentPostProcessor$OriginAwareSystemEnvironmentPropertySource] to EncryptableSystemEnvironmentPropertySourceWrapper
2023-09-09 00:08:41 [main] INFO  c.u.j.EncryptablePropertySourceConverter - Converting PropertySource random [org.springframework.boot.env.RandomValuePropertySource] to EncryptablePropertySourceWrapper
2023-09-09 00:08:41 [main] INFO  c.u.j.EncryptablePropertySourceConverter - Converting PropertySource springCloudClientHostInfo [org.springframework.core.env.MapPropertySource] to EncryptableMapPropertySourceWrapper
2023-09-09 00:08:41 [main] INFO  c.u.j.EncryptablePropertySourceConverter - Converting PropertySource applicationConfig: [classpath:/bootstrap.yml] [org.springframework.boot.env.OriginTrackedMapPropertySource] to EncryptableMapPropertySourceWrapper
2023-09-09 00:08:41 [main] INFO  c.u.j.f.DefaultLazyPropertyFilter - Property Filter custom Bean not found with name 'encryptablePropertyFilter'. Initializing Default Property Filter
2023-09-09 00:08:41 [main] INFO  c.u.j.r.DefaultLazyPropertyResolver - Property Resolver custom Bean not found with name 'encryptablePropertyResolver'. Initializing Default Property Resolver
2023-09-09 00:08:41 [main] INFO  c.u.j.d.DefaultLazyPropertyDetector - Property Detector custom Bean not found with name 'encryptablePropertyDetector'. Initializing Default Property Detector
2023-09-09 00:08:41 [main] INFO  c.u.j.encryptor.DefaultLazyEncryptor - String Encryptor custom Bean not found with name 'jasyptStringEncryptor'. Initializing Default String Encryptor
2023-09-09 00:08:41 [main] INFO  c.u.j.c.StringEncryptorBuilder - Encryptor config not found for property jasypt.encryptor.algorithm, using default value: PBEWITHHMACSHA512ANDAES_256
2023-09-09 00:08:41 [main] INFO  c.u.j.c.StringEncryptorBuilder - Encryptor config not found for property jasypt.encryptor.key-obtention-iterations, using default value: 1000
2023-09-09 00:08:41 [main] INFO  c.u.j.c.StringEncryptorBuilder - Encryptor config not found for property jasypt.encryptor.pool-size, using default value: 1
2023-09-09 00:08:41 [main] INFO  c.u.j.c.StringEncryptorBuilder - Encryptor config not found for property jasypt.encryptor.provider-name, using default value: null
2023-09-09 00:08:41 [main] INFO  c.u.j.c.StringEncryptorBuilder - Encryptor config not found for property jasypt.encryptor.provider-class-name, using default value: null
2023-09-09 00:08:41 [main] INFO  c.u.j.c.StringEncryptorBuilder - Encryptor config not found for property jasypt.encryptor.salt-generator-classname, using default value: org.jasypt.salt.RandomSaltGenerator
2023-09-09 00:08:41 [main] INFO  c.u.j.c.StringEncryptorBuilder - Encryptor config not found for property jasypt.encryptor.iv-generator-classname, using default value: org.jasypt.iv.RandomIvGenerator
2023-09-09 00:08:41 [main] INFO  c.u.j.c.StringEncryptorBuilder - Encryptor config not found for property jasypt.encryptor.string-output-type, using default value: base64
2023-09-09 00:08:41 [main] ERROR o.s.boot.SpringApplication - Application run failed
com.ulisesbocchio.jasyptspringboot.exception.DecryptionException: Unable to decrypt: ENC(h7c7ZpntcNbGyUyiGX+S5QdYhVcY8/t0RyXfjHHjzyI3HQfpEFjprNTMek2HFwNq). Decryption of Properties failed,  make sure encryption/decryption passwords match
	at com.ulisesbocchio.jasyptspringboot.resolver.DefaultPropertyResolver.lambda$resolvePropertyValue$0(DefaultPropertyResolver.java:46)
	at java.base/java.util.Optional.map(Optional.java:260)
	at com.ulisesbocchio.jasyptspringboot.resolver.DefaultPropertyResolver.resolvePropertyValue(DefaultPropertyResolver.java:40)
	at com.ulisesbocchio.jasyptspringboot.resolver.DefaultLazyPropertyResolver.resolvePropertyValue(DefaultLazyPropertyResolver.java:50)
	at com.ulisesbocchio.jasyptspringboot.EncryptablePropertySource.getProperty(EncryptablePropertySource.java:20)
	at com.ulisesbocchio.jasyptspringboot.caching.CachingDelegateEncryptablePropertySource.getProperty(CachingDelegateEncryptablePropertySource.java:41)
	at com.ulisesbocchio.jasyptspringboot.wrapper.EncryptableMapPropertySourceWrapper.getProperty(EncryptableMapPropertySourceWrapper.java:31)
	at org.springframework.cloud.bootstrap.encrypt.EnvironmentDecryptApplicationInitializer.merge(EnvironmentDecryptApplicationInitializer.java:236)
	at org.springframework.cloud.bootstrap.encrypt.EnvironmentDecryptApplicationInitializer.merge(EnvironmentDecryptApplicationInitializer.java:207)
	at org.springframework.cloud.bootstrap.encrypt.EnvironmentDecryptApplicationInitializer.decrypt(EnvironmentDecryptApplicationInitializer.java:189)
	at org.springframework.cloud.bootstrap.encrypt.EnvironmentDecryptApplicationInitializer.initialize(EnvironmentDecryptApplicationInitializer.java:124)
	at org.springframework.cloud.bootstrap.BootstrapApplicationListener$DelegatingEnvironmentDecryptApplicationInitializer.initialize(BootstrapApplicationListener.java:441)
	at org.springframework.boot.SpringApplication.applyInitializers(SpringApplication.java:626)
	at org.springframework.boot.SpringApplication.prepareContext(SpringApplication.java:370)
	at org.springframework.boot.SpringApplication.run(SpringApplication.java:314)
	at org.springframework.boot.SpringApplication.run(SpringApplication.java:1237)
	at org.springframework.boot.SpringApplication.run(SpringApplication.java:1226)
	at com.microservices.demo.twittertokafka.service.TwitterToKafkaServiceApplication.main(TwitterToKafkaServiceApplication.java:39)
Caused by: org.jasypt.exceptions.EncryptionOperationNotPossibleException: null
	at org.jasypt.encryption.pbe.StandardPBEByteEncryptor.decrypt(StandardPBEByteEncryptor.java:1169)
	at org.jasypt.encryption.pbe.StandardPBEStringEncryptor.decrypt(StandardPBEStringEncryptor.java:738)
	at org.jasypt.encryption.pbe.PooledPBEStringEncryptor.decrypt(PooledPBEStringEncryptor.java:511)
	at com.ulisesbocchio.jasyptspringboot.encryptor.DefaultLazyEncryptor.decrypt(DefaultLazyEncryptor.java:57)
	at com.ulisesbocchio.jasyptspringboot.resolver.DefaultPropertyResolver.lambda$resolvePropertyValue$0(DefaultPropertyResolver.java:44)
	... 17 common frames omitted
2023-09-09 00:09:17 [main] INFO  c.u.j.c.EnableEncryptablePropertiesBeanFactoryPostProcessor - Post-processing PropertySource instances
2023-09-09 00:09:17 [main] INFO  c.u.j.EncryptablePropertySourceConverter - Converting PropertySource configurationProperties [org.springframework.boot.context.properties.source.ConfigurationPropertySourcesPropertySource] to AOP Proxy
2023-09-09 00:09:17 [main] INFO  c.u.j.EncryptablePropertySourceConverter - Converting PropertySource bootstrap [org.springframework.core.env.MapPropertySource] to EncryptableMapPropertySourceWrapper
2023-09-09 00:09:17 [main] INFO  c.u.j.EncryptablePropertySourceConverter - Converting PropertySource systemProperties [org.springframework.core.env.PropertiesPropertySource] to EncryptableMapPropertySourceWrapper
2023-09-09 00:09:17 [main] INFO  c.u.j.EncryptablePropertySourceConverter - Converting PropertySource systemEnvironment [org.springframework.boot.env.SystemEnvironmentPropertySourceEnvironmentPostProcessor$OriginAwareSystemEnvironmentPropertySource] to EncryptableSystemEnvironmentPropertySourceWrapper
2023-09-09 00:09:17 [main] INFO  c.u.j.EncryptablePropertySourceConverter - Converting PropertySource random [org.springframework.boot.env.RandomValuePropertySource] to EncryptablePropertySourceWrapper
2023-09-09 00:09:17 [main] INFO  c.u.j.EncryptablePropertySourceConverter - Converting PropertySource springCloudClientHostInfo [org.springframework.core.env.MapPropertySource] to EncryptableMapPropertySourceWrapper
2023-09-09 00:09:17 [main] INFO  c.u.j.EncryptablePropertySourceConverter - Converting PropertySource applicationConfig: [classpath:/bootstrap.yml] [org.springframework.boot.env.OriginTrackedMapPropertySource] to EncryptableMapPropertySourceWrapper
2023-09-09 00:09:17 [main] INFO  c.u.j.f.DefaultLazyPropertyFilter - Property Filter custom Bean not found with name 'encryptablePropertyFilter'. Initializing Default Property Filter
2023-09-09 00:09:17 [main] INFO  c.u.j.r.DefaultLazyPropertyResolver - Property Resolver custom Bean not found with name 'encryptablePropertyResolver'. Initializing Default Property Resolver
2023-09-09 00:09:17 [main] INFO  c.u.j.d.DefaultLazyPropertyDetector - Property Detector custom Bean not found with name 'encryptablePropertyDetector'. Initializing Default Property Detector
2023-09-09 00:09:17 [main] INFO  c.u.j.encryptor.DefaultLazyEncryptor - String Encryptor custom Bean not found with name 'jasyptStringEncryptor'. Initializing Default String Encryptor
2023-09-09 00:09:17 [main] INFO  c.u.j.c.StringEncryptorBuilder - Encryptor config not found for property jasypt.encryptor.algorithm, using default value: PBEWITHHMACSHA512ANDAES_256
2023-09-09 00:09:17 [main] INFO  c.u.j.c.StringEncryptorBuilder - Encryptor config not found for property jasypt.encryptor.key-obtention-iterations, using default value: 1000
2023-09-09 00:09:17 [main] INFO  c.u.j.c.StringEncryptorBuilder - Encryptor config not found for property jasypt.encryptor.pool-size, using default value: 1
2023-09-09 00:09:17 [main] INFO  c.u.j.c.StringEncryptorBuilder - Encryptor config not found for property jasypt.encryptor.provider-name, using default value: null
2023-09-09 00:09:17 [main] INFO  c.u.j.c.StringEncryptorBuilder - Encryptor config not found for property jasypt.encryptor.provider-class-name, using default value: null
2023-09-09 00:09:17 [main] INFO  c.u.j.c.StringEncryptorBuilder - Encryptor config not found for property jasypt.encryptor.salt-generator-classname, using default value: org.jasypt.salt.RandomSaltGenerator
2023-09-09 00:09:17 [main] INFO  c.u.j.c.StringEncryptorBuilder - Encryptor config not found for property jasypt.encryptor.iv-generator-classname, using default value: org.jasypt.iv.RandomIvGenerator
2023-09-09 00:09:17 [main] INFO  c.u.j.c.StringEncryptorBuilder - Encryptor config not found for property jasypt.encryptor.string-output-type, using default value: base64
2023-09-09 00:09:17 [main] ERROR o.s.boot.SpringApplication - Application run failed
com.ulisesbocchio.jasyptspringboot.exception.DecryptionException: Unable to decrypt: ENC(6ENQTr5k6qCzpY2E2+GDz39y/2MnDe8XBFPE3z4vRZzgHp3DseULZ/I3nVtaOV5p). Decryption of Properties failed,  make sure encryption/decryption passwords match
	at com.ulisesbocchio.jasyptspringboot.resolver.DefaultPropertyResolver.lambda$resolvePropertyValue$0(DefaultPropertyResolver.java:46)
	at java.base/java.util.Optional.map(Optional.java:260)
	at com.ulisesbocchio.jasyptspringboot.resolver.DefaultPropertyResolver.resolvePropertyValue(DefaultPropertyResolver.java:40)
	at com.ulisesbocchio.jasyptspringboot.resolver.DefaultLazyPropertyResolver.resolvePropertyValue(DefaultLazyPropertyResolver.java:50)
	at com.ulisesbocchio.jasyptspringboot.EncryptablePropertySource.getProperty(EncryptablePropertySource.java:20)
	at com.ulisesbocchio.jasyptspringboot.caching.CachingDelegateEncryptablePropertySource.getProperty(CachingDelegateEncryptablePropertySource.java:41)
	at com.ulisesbocchio.jasyptspringboot.wrapper.EncryptableMapPropertySourceWrapper.getProperty(EncryptableMapPropertySourceWrapper.java:31)
	at org.springframework.cloud.bootstrap.encrypt.EnvironmentDecryptApplicationInitializer.merge(EnvironmentDecryptApplicationInitializer.java:236)
	at org.springframework.cloud.bootstrap.encrypt.EnvironmentDecryptApplicationInitializer.merge(EnvironmentDecryptApplicationInitializer.java:207)
	at org.springframework.cloud.bootstrap.encrypt.EnvironmentDecryptApplicationInitializer.decrypt(EnvironmentDecryptApplicationInitializer.java:189)
	at org.springframework.cloud.bootstrap.encrypt.EnvironmentDecryptApplicationInitializer.initialize(EnvironmentDecryptApplicationInitializer.java:124)
	at org.springframework.cloud.bootstrap.BootstrapApplicationListener$DelegatingEnvironmentDecryptApplicationInitializer.initialize(BootstrapApplicationListener.java:441)
	at org.springframework.boot.SpringApplication.applyInitializers(SpringApplication.java:626)
	at org.springframework.boot.SpringApplication.prepareContext(SpringApplication.java:370)
	at org.springframework.boot.SpringApplication.run(SpringApplication.java:314)
	at org.springframework.boot.SpringApplication.run(SpringApplication.java:1237)
	at org.springframework.boot.SpringApplication.run(SpringApplication.java:1226)
	at com.microservices.demo.twittertokafka.service.TwitterToKafkaServiceApplication.main(TwitterToKafkaServiceApplication.java:39)
Caused by: org.jasypt.exceptions.EncryptionOperationNotPossibleException: null
	at org.jasypt.encryption.pbe.StandardPBEByteEncryptor.decrypt(StandardPBEByteEncryptor.java:1169)
	at org.jasypt.encryption.pbe.StandardPBEStringEncryptor.decrypt(StandardPBEStringEncryptor.java:738)
	at org.jasypt.encryption.pbe.PooledPBEStringEncryptor.decrypt(PooledPBEStringEncryptor.java:511)
	at com.ulisesbocchio.jasyptspringboot.encryptor.DefaultLazyEncryptor.decrypt(DefaultLazyEncryptor.java:57)
	at com.ulisesbocchio.jasyptspringboot.resolver.DefaultPropertyResolver.lambda$resolvePropertyValue$0(DefaultPropertyResolver.java:44)
	... 17 common frames omitted
2023-09-09 00:11:03 [main] INFO  c.u.j.c.EnableEncryptablePropertiesBeanFactoryPostProcessor - Post-processing PropertySource instances
2023-09-09 00:11:03 [main] INFO  c.u.j.EncryptablePropertySourceConverter - Converting PropertySource configurationProperties [org.springframework.boot.context.properties.source.ConfigurationPropertySourcesPropertySource] to AOP Proxy
2023-09-09 00:11:03 [main] INFO  c.u.j.EncryptablePropertySourceConverter - Converting PropertySource bootstrap [org.springframework.core.env.MapPropertySource] to EncryptableMapPropertySourceWrapper
2023-09-09 00:11:03 [main] INFO  c.u.j.EncryptablePropertySourceConverter - Converting PropertySource systemProperties [org.springframework.core.env.PropertiesPropertySource] to EncryptableMapPropertySourceWrapper
2023-09-09 00:11:03 [main] INFO  c.u.j.EncryptablePropertySourceConverter - Converting PropertySource systemEnvironment [org.springframework.boot.env.SystemEnvironmentPropertySourceEnvironmentPostProcessor$OriginAwareSystemEnvironmentPropertySource] to EncryptableSystemEnvironmentPropertySourceWrapper
2023-09-09 00:11:03 [main] INFO  c.u.j.EncryptablePropertySourceConverter - Converting PropertySource random [org.springframework.boot.env.RandomValuePropertySource] to EncryptablePropertySourceWrapper
2023-09-09 00:11:03 [main] INFO  c.u.j.EncryptablePropertySourceConverter - Converting PropertySource springCloudClientHostInfo [org.springframework.core.env.MapPropertySource] to EncryptableMapPropertySourceWrapper
2023-09-09 00:11:03 [main] INFO  c.u.j.EncryptablePropertySourceConverter - Converting PropertySource applicationConfig: [classpath:/bootstrap.yml] [org.springframework.boot.env.OriginTrackedMapPropertySource] to EncryptableMapPropertySourceWrapper
2023-09-09 00:11:03 [main] INFO  c.u.j.f.DefaultLazyPropertyFilter - Property Filter custom Bean not found with name 'encryptablePropertyFilter'. Initializing Default Property Filter
2023-09-09 00:11:03 [main] INFO  c.u.j.r.DefaultLazyPropertyResolver - Property Resolver custom Bean not found with name 'encryptablePropertyResolver'. Initializing Default Property Resolver
2023-09-09 00:11:03 [main] INFO  c.u.j.d.DefaultLazyPropertyDetector - Property Detector custom Bean not found with name 'encryptablePropertyDetector'. Initializing Default Property Detector
2023-09-09 00:11:04 [main] INFO  c.u.j.encryptor.DefaultLazyEncryptor - String Encryptor custom Bean not found with name 'jasyptStringEncryptor'. Initializing Default String Encryptor
2023-09-09 00:11:04 [main] INFO  c.u.j.c.StringEncryptorBuilder - Encryptor config not found for property jasypt.encryptor.algorithm, using default value: PBEWITHHMACSHA512ANDAES_256
2023-09-09 00:11:04 [main] INFO  c.u.j.c.StringEncryptorBuilder - Encryptor config not found for property jasypt.encryptor.key-obtention-iterations, using default value: 1000
2023-09-09 00:11:04 [main] INFO  c.u.j.c.StringEncryptorBuilder - Encryptor config not found for property jasypt.encryptor.pool-size, using default value: 1
2023-09-09 00:11:04 [main] INFO  c.u.j.c.StringEncryptorBuilder - Encryptor config not found for property jasypt.encryptor.provider-name, using default value: null
2023-09-09 00:11:04 [main] INFO  c.u.j.c.StringEncryptorBuilder - Encryptor config not found for property jasypt.encryptor.provider-class-name, using default value: null
2023-09-09 00:11:04 [main] INFO  c.u.j.c.StringEncryptorBuilder - Encryptor config not found for property jasypt.encryptor.salt-generator-classname, using default value: org.jasypt.salt.RandomSaltGenerator
2023-09-09 00:11:04 [main] INFO  c.u.j.c.StringEncryptorBuilder - Encryptor config not found for property jasypt.encryptor.iv-generator-classname, using default value: org.jasypt.iv.RandomIvGenerator
2023-09-09 00:11:04 [main] INFO  c.u.j.c.StringEncryptorBuilder - Encryptor config not found for property jasypt.encryptor.string-output-type, using default value: base64
2023-09-09 00:11:04 [main] ERROR o.s.boot.SpringApplication - Application run failed
com.ulisesbocchio.jasyptspringboot.exception.DecryptionException: Unable to decrypt: ENC(6ENQTr5k6qCzpY2E2+GDz39y/2MnDe8XBFPE3z4vRZzgHp3DseULZ/I3nVtaOV5p). Decryption of Properties failed,  make sure encryption/decryption passwords match
	at com.ulisesbocchio.jasyptspringboot.resolver.DefaultPropertyResolver.lambda$resolvePropertyValue$0(DefaultPropertyResolver.java:46)
	at java.base/java.util.Optional.map(Optional.java:260)
	at com.ulisesbocchio.jasyptspringboot.resolver.DefaultPropertyResolver.resolvePropertyValue(DefaultPropertyResolver.java:40)
	at com.ulisesbocchio.jasyptspringboot.resolver.DefaultLazyPropertyResolver.resolvePropertyValue(DefaultLazyPropertyResolver.java:50)
	at com.ulisesbocchio.jasyptspringboot.EncryptablePropertySource.getProperty(EncryptablePropertySource.java:20)
	at com.ulisesbocchio.jasyptspringboot.caching.CachingDelegateEncryptablePropertySource.getProperty(CachingDelegateEncryptablePropertySource.java:41)
	at com.ulisesbocchio.jasyptspringboot.wrapper.EncryptableMapPropertySourceWrapper.getProperty(EncryptableMapPropertySourceWrapper.java:31)
	at org.springframework.cloud.bootstrap.encrypt.EnvironmentDecryptApplicationInitializer.merge(EnvironmentDecryptApplicationInitializer.java:236)
	at org.springframework.cloud.bootstrap.encrypt.EnvironmentDecryptApplicationInitializer.merge(EnvironmentDecryptApplicationInitializer.java:207)
	at org.springframework.cloud.bootstrap.encrypt.EnvironmentDecryptApplicationInitializer.decrypt(EnvironmentDecryptApplicationInitializer.java:189)
	at org.springframework.cloud.bootstrap.encrypt.EnvironmentDecryptApplicationInitializer.initialize(EnvironmentDecryptApplicationInitializer.java:124)
	at org.springframework.cloud.bootstrap.BootstrapApplicationListener$DelegatingEnvironmentDecryptApplicationInitializer.initialize(BootstrapApplicationListener.java:441)
	at org.springframework.boot.SpringApplication.applyInitializers(SpringApplication.java:626)
	at org.springframework.boot.SpringApplication.prepareContext(SpringApplication.java:370)
	at org.springframework.boot.SpringApplication.run(SpringApplication.java:314)
	at org.springframework.boot.SpringApplication.run(SpringApplication.java:1237)
	at org.springframework.boot.SpringApplication.run(SpringApplication.java:1226)
	at com.microservices.demo.twittertokafka.service.TwitterToKafkaServiceApplication.main(TwitterToKafkaServiceApplication.java:39)
Caused by: org.jasypt.exceptions.EncryptionOperationNotPossibleException: null
	at org.jasypt.encryption.pbe.StandardPBEByteEncryptor.decrypt(StandardPBEByteEncryptor.java:1169)
	at org.jasypt.encryption.pbe.StandardPBEStringEncryptor.decrypt(StandardPBEStringEncryptor.java:738)
	at org.jasypt.encryption.pbe.PooledPBEStringEncryptor.decrypt(PooledPBEStringEncryptor.java:511)
	at com.ulisesbocchio.jasyptspringboot.encryptor.DefaultLazyEncryptor.decrypt(DefaultLazyEncryptor.java:57)
	at com.ulisesbocchio.jasyptspringboot.resolver.DefaultPropertyResolver.lambda$resolvePropertyValue$0(DefaultPropertyResolver.java:44)
	... 17 common frames omitted
