2023-08-04 00:04:00 [main] INFO  o.s.b.t.c.SpringBootTestContextBootstrapper - Neither @ContextConfiguration nor @ContextHierarchy found for test class [com.microservices.demo.twittertokafka.service.TwitterToKafkaApplicationTest], using SpringBootContextLoader
2023-08-04 00:04:00 [main] INFO  o.s.t.c.s.AbstractContextLoader - Could not detect default resource locations for test class [com.microservices.demo.twittertokafka.service.TwitterToKafkaApplicationTest]: no resource found for suffixes {-context.xml, Context.groovy}.
2023-08-04 00:04:00 [main] INFO  o.s.t.c.s.AnnotationConfigContextLoaderUtils - Could not detect default configuration classes for test class [com.microservices.demo.twittertokafka.service.TwitterToKafkaApplicationTest]: TwitterToKafkaApplicationTest does not declare any static, non-private, non-final, nested classes annotated with @Configuration.
2023-08-04 00:04:00 [main] INFO  o.s.b.t.c.SpringBootTestContextBootstrapper - Found @SpringBootConfiguration com.microservices.demo.twittertokafka.service.TwitterToKafkaServiceApplication for test class com.microservices.demo.twittertokafka.service.TwitterToKafkaApplicationTest
2023-08-04 00:04:00 [main] INFO  o.s.b.t.c.SpringBootTestContextBootstrapper - Loaded default TestExecutionListener class names from location [META-INF/spring.factories]: [org.springframework.boot.test.mock.mockito.MockitoTestExecutionListener, org.springframework.boot.test.mock.mockito.ResetMocksTestExecutionListener, org.springframework.boot.test.autoconfigure.restdocs.RestDocsTestExecutionListener, org.springframework.boot.test.autoconfigure.web.client.MockRestServiceServerResetTestExecutionListener, org.springframework.boot.test.autoconfigure.web.servlet.MockMvcPrintOnlyOnFailureTestExecutionListener, org.springframework.boot.test.autoconfigure.web.servlet.WebDriverTestExecutionListener, org.springframework.boot.test.autoconfigure.webservices.client.MockWebServiceServerTestExecutionListener, org.springframework.test.context.web.ServletTestExecutionListener, org.springframework.test.context.support.DirtiesContextBeforeModesTestExecutionListener, org.springframework.test.context.support.DependencyInjectionTestExecutionListener, org.springframework.test.context.support.DirtiesContextTestExecutionListener, org.springframework.test.context.transaction.TransactionalTestExecutionListener, org.springframework.test.context.jdbc.SqlScriptsTestExecutionListener, org.springframework.test.context.event.EventPublishingTestExecutionListener]
2023-08-04 00:04:00 [main] INFO  o.s.b.t.c.SpringBootTestContextBootstrapper - Using TestExecutionListeners: [org.springframework.test.context.support.DirtiesContextBeforeModesTestExecutionListener@64df9a61, org.springframework.boot.test.mock.mockito.MockitoTestExecutionListener@77602954, org.springframework.boot.test.autoconfigure.SpringBootDependencyInjectionTestExecutionListener@e260766, org.springframework.test.context.support.DirtiesContextTestExecutionListener@2c3dec30, org.springframework.test.context.event.EventPublishingTestExecutionListener@34a97744, org.springframework.boot.test.mock.mockito.ResetMocksTestExecutionListener@4275c20c, org.springframework.boot.test.autoconfigure.restdocs.RestDocsTestExecutionListener@7c56e013, org.springframework.boot.test.autoconfigure.web.client.MockRestServiceServerResetTestExecutionListener@3fc9dfc5, org.springframework.boot.test.autoconfigure.web.servlet.MockMvcPrintOnlyOnFailureTestExecutionListener@40258c2f, org.springframework.boot.test.autoconfigure.web.servlet.WebDriverTestExecutionListener@2cac4385, org.springframework.boot.test.autoconfigure.webservices.client.MockWebServiceServerTestExecutionListener@6731787b]
2023-08-04 00:04:00 [main] WARN  o.s.b.t.j.DuplicateJsonObjectContextCustomizerFactory$DuplicateJsonObjectContextCustomizer - 

Found multiple occurrences of org.json.JSONObject on the class path:

	jar:file:/C:/Users/Sankalp/.m2/repository/com/vaadin/external/google/android-json/0.0.20131108.vaadin1/android-json-0.0.20131108.vaadin1.jar!/org/json/JSONObject.class
	jar:file:/C:/Users/Sankalp/.m2/repository/org/json/json/20220320/json-20220320.jar!/org/json/JSONObject.class

You may wish to exclude one of them to ensure predictable runtime behavior

2023-08-04 00:04:00 [main] INFO  c.m.d.t.s.TwitterToKafkaApplicationTest - Starting TwitterToKafkaApplicationTest on DESKTOP-S8N9NUL with PID 16260 (started by Sankalp in E:\Spring\Microservices-demo\twitter-tokafka-service)
2023-08-04 00:04:00 [main] INFO  c.m.d.t.s.TwitterToKafkaApplicationTest - No active profile set, falling back to default profiles: default
2023-08-04 00:04:01 [main] INFO  c.m.d.t.s.TwitterToKafkaApplicationTest - Started TwitterToKafkaApplicationTest in 0.672 seconds (JVM running for 1.842)
2023-08-04 00:04:01 [main] INFO  c.m.d.t.s.TwitterToKafkaServiceApplication - App started
2023-08-04 00:04:01 [main] INFO  c.m.d.t.s.TwitterToKafkaServiceApplication - [Java, Microservices, Kafka, Elasticsearch]
2023-08-04 00:04:01 [main] INFO  c.m.d.t.s.TwitterToKafkaServiceApplication - Hello microservices!
2023-08-04 00:04:01 [main] INFO  c.m.d.t.s.impl.MockKafkaStreamRunner - Starting mock filtering tweeter streams for the keywords: [Java, Microservices, Kafka, Elasticsearch]
2023-08-04 00:04:01 [pool-1-thread-1] INFO  c.m.d.t.s.l.TwitterToKafkaStatusListener - Twitter status: pulvinar purus posuere posuere massa purus sit ipsum Microservices ipsum sed amet libero lectus congue
2023-08-04 00:16:40 [main] INFO  o.s.b.t.c.SpringBootTestContextBootstrapper - Neither @ContextConfiguration nor @ContextHierarchy found for test class [com.microservices.demo.twittertokafka.service.TwitterToKafkaApplicationTest], using SpringBootContextLoader
2023-08-04 00:16:40 [main] INFO  o.s.t.c.s.AbstractContextLoader - Could not detect default resource locations for test class [com.microservices.demo.twittertokafka.service.TwitterToKafkaApplicationTest]: no resource found for suffixes {-context.xml, Context.groovy}.
2023-08-04 00:16:40 [main] INFO  o.s.t.c.s.AnnotationConfigContextLoaderUtils - Could not detect default configuration classes for test class [com.microservices.demo.twittertokafka.service.TwitterToKafkaApplicationTest]: TwitterToKafkaApplicationTest does not declare any static, non-private, non-final, nested classes annotated with @Configuration.
2023-08-04 00:16:40 [main] INFO  o.s.b.t.c.SpringBootTestContextBootstrapper - Found @SpringBootConfiguration com.microservices.demo.twittertokafka.service.TwitterToKafkaServiceApplication for test class com.microservices.demo.twittertokafka.service.TwitterToKafkaApplicationTest
2023-08-04 00:16:40 [main] INFO  o.s.b.t.c.SpringBootTestContextBootstrapper - Loaded default TestExecutionListener class names from location [META-INF/spring.factories]: [org.springframework.boot.test.mock.mockito.MockitoTestExecutionListener, org.springframework.boot.test.mock.mockito.ResetMocksTestExecutionListener, org.springframework.boot.test.autoconfigure.restdocs.RestDocsTestExecutionListener, org.springframework.boot.test.autoconfigure.web.client.MockRestServiceServerResetTestExecutionListener, org.springframework.boot.test.autoconfigure.web.servlet.MockMvcPrintOnlyOnFailureTestExecutionListener, org.springframework.boot.test.autoconfigure.web.servlet.WebDriverTestExecutionListener, org.springframework.boot.test.autoconfigure.webservices.client.MockWebServiceServerTestExecutionListener, org.springframework.test.context.web.ServletTestExecutionListener, org.springframework.test.context.support.DirtiesContextBeforeModesTestExecutionListener, org.springframework.test.context.support.DependencyInjectionTestExecutionListener, org.springframework.test.context.support.DirtiesContextTestExecutionListener, org.springframework.test.context.transaction.TransactionalTestExecutionListener, org.springframework.test.context.jdbc.SqlScriptsTestExecutionListener, org.springframework.test.context.event.EventPublishingTestExecutionListener]
2023-08-04 00:16:40 [main] INFO  o.s.b.t.c.SpringBootTestContextBootstrapper - Using TestExecutionListeners: [org.springframework.test.context.support.DirtiesContextBeforeModesTestExecutionListener@38f57b3d, org.springframework.boot.test.mock.mockito.MockitoTestExecutionListener@51850751, org.springframework.boot.test.autoconfigure.SpringBootDependencyInjectionTestExecutionListener@3ce3db41, org.springframework.test.context.support.DirtiesContextTestExecutionListener@64df9a61, org.springframework.test.context.event.EventPublishingTestExecutionListener@77602954, org.springframework.boot.test.mock.mockito.ResetMocksTestExecutionListener@e260766, org.springframework.boot.test.autoconfigure.restdocs.RestDocsTestExecutionListener@2c3dec30, org.springframework.boot.test.autoconfigure.web.client.MockRestServiceServerResetTestExecutionListener@34a97744, org.springframework.boot.test.autoconfigure.web.servlet.MockMvcPrintOnlyOnFailureTestExecutionListener@4275c20c, org.springframework.boot.test.autoconfigure.web.servlet.WebDriverTestExecutionListener@7c56e013, org.springframework.boot.test.autoconfigure.webservices.client.MockWebServiceServerTestExecutionListener@3fc9dfc5]
2023-08-04 00:16:40 [main] WARN  o.s.b.t.j.DuplicateJsonObjectContextCustomizerFactory$DuplicateJsonObjectContextCustomizer - 

Found multiple occurrences of org.json.JSONObject on the class path:

	jar:file:/C:/Users/Sankalp/.m2/repository/com/vaadin/external/google/android-json/0.0.20131108.vaadin1/android-json-0.0.20131108.vaadin1.jar!/org/json/JSONObject.class
	jar:file:/C:/Users/Sankalp/.m2/repository/org/json/json/20220320/json-20220320.jar!/org/json/JSONObject.class

You may wish to exclude one of them to ensure predictable runtime behavior

2023-08-04 00:16:40 [main] INFO  c.m.d.t.s.TwitterToKafkaApplicationTest - Starting TwitterToKafkaApplicationTest on DESKTOP-S8N9NUL with PID 18940 (started by Sankalp in E:\Spring\Microservices-demo\twitter-tokafka-service)
2023-08-04 00:16:40 [main] INFO  c.m.d.t.s.TwitterToKafkaApplicationTest - No active profile set, falling back to default profiles: default
2023-08-04 00:16:41 [main] INFO  c.m.d.t.s.TwitterToKafkaApplicationTest - Started TwitterToKafkaApplicationTest in 0.589 seconds (JVM running for 1.453)
2023-08-04 00:16:41 [main] INFO  c.m.d.t.s.TwitterToKafkaServiceApplication - App started
2023-08-04 00:16:41 [main] INFO  c.m.d.t.s.TwitterToKafkaServiceApplication - [Java, Microservices, Kafka, Elasticsearch]
2023-08-04 00:16:41 [main] INFO  c.m.d.t.s.TwitterToKafkaServiceApplication - Hello microservices!
2023-08-04 00:16:41 [main] INFO  c.m.d.t.s.impl.MockKafkaStreamRunner - Starting mock filtering tweeter streams for the keywords: [Java, Microservices, Kafka, Elasticsearch]
2023-08-04 00:16:41 [pool-1-thread-1] INFO  c.m.d.t.s.l.TwitterToKafkaStatusListener - Twitter status: elit sit lectus Microservices consectetuer lectus
2023-08-04 00:34:03 [main] INFO  o.s.b.t.c.SpringBootTestContextBootstrapper - Neither @ContextConfiguration nor @ContextHierarchy found for test class [com.microservices.demo.twittertokafka.service.TwitterToKafkaApplicationTest], using SpringBootContextLoader
2023-08-04 00:34:03 [main] INFO  o.s.t.c.s.AbstractContextLoader - Could not detect default resource locations for test class [com.microservices.demo.twittertokafka.service.TwitterToKafkaApplicationTest]: no resource found for suffixes {-context.xml, Context.groovy}.
2023-08-04 00:34:03 [main] INFO  o.s.t.c.s.AnnotationConfigContextLoaderUtils - Could not detect default configuration classes for test class [com.microservices.demo.twittertokafka.service.TwitterToKafkaApplicationTest]: TwitterToKafkaApplicationTest does not declare any static, non-private, non-final, nested classes annotated with @Configuration.
2023-08-04 00:34:03 [main] INFO  o.s.b.t.c.SpringBootTestContextBootstrapper - Found @SpringBootConfiguration com.microservices.demo.twittertokafka.service.TwitterToKafkaServiceApplication for test class com.microservices.demo.twittertokafka.service.TwitterToKafkaApplicationTest
2023-08-04 00:34:03 [main] INFO  o.s.b.t.c.SpringBootTestContextBootstrapper - Loaded default TestExecutionListener class names from location [META-INF/spring.factories]: [org.springframework.boot.test.mock.mockito.MockitoTestExecutionListener, org.springframework.boot.test.mock.mockito.ResetMocksTestExecutionListener, org.springframework.boot.test.autoconfigure.restdocs.RestDocsTestExecutionListener, org.springframework.boot.test.autoconfigure.web.client.MockRestServiceServerResetTestExecutionListener, org.springframework.boot.test.autoconfigure.web.servlet.MockMvcPrintOnlyOnFailureTestExecutionListener, org.springframework.boot.test.autoconfigure.web.servlet.WebDriverTestExecutionListener, org.springframework.boot.test.autoconfigure.webservices.client.MockWebServiceServerTestExecutionListener, org.springframework.test.context.web.ServletTestExecutionListener, org.springframework.test.context.support.DirtiesContextBeforeModesTestExecutionListener, org.springframework.test.context.support.DependencyInjectionTestExecutionListener, org.springframework.test.context.support.DirtiesContextTestExecutionListener, org.springframework.test.context.transaction.TransactionalTestExecutionListener, org.springframework.test.context.jdbc.SqlScriptsTestExecutionListener, org.springframework.test.context.event.EventPublishingTestExecutionListener]
2023-08-04 00:34:03 [main] INFO  o.s.b.t.c.SpringBootTestContextBootstrapper - Using TestExecutionListeners: [org.springframework.test.context.support.DirtiesContextBeforeModesTestExecutionListener@64df9a61, org.springframework.boot.test.mock.mockito.MockitoTestExecutionListener@77602954, org.springframework.boot.test.autoconfigure.SpringBootDependencyInjectionTestExecutionListener@e260766, org.springframework.test.context.support.DirtiesContextTestExecutionListener@2c3dec30, org.springframework.test.context.event.EventPublishingTestExecutionListener@34a97744, org.springframework.boot.test.mock.mockito.ResetMocksTestExecutionListener@4275c20c, org.springframework.boot.test.autoconfigure.restdocs.RestDocsTestExecutionListener@7c56e013, org.springframework.boot.test.autoconfigure.web.client.MockRestServiceServerResetTestExecutionListener@3fc9dfc5, org.springframework.boot.test.autoconfigure.web.servlet.MockMvcPrintOnlyOnFailureTestExecutionListener@40258c2f, org.springframework.boot.test.autoconfigure.web.servlet.WebDriverTestExecutionListener@2cac4385, org.springframework.boot.test.autoconfigure.webservices.client.MockWebServiceServerTestExecutionListener@6731787b]
2023-08-04 00:34:03 [main] WARN  o.s.b.t.j.DuplicateJsonObjectContextCustomizerFactory$DuplicateJsonObjectContextCustomizer - 

Found multiple occurrences of org.json.JSONObject on the class path:

	jar:file:/C:/Users/Sankalp/.m2/repository/com/vaadin/external/google/android-json/0.0.20131108.vaadin1/android-json-0.0.20131108.vaadin1.jar!/org/json/JSONObject.class
	jar:file:/C:/Users/Sankalp/.m2/repository/org/json/json/20220320/json-20220320.jar!/org/json/JSONObject.class

You may wish to exclude one of them to ensure predictable runtime behavior

2023-08-04 00:34:03 [main] INFO  c.m.d.t.s.TwitterToKafkaApplicationTest - Starting TwitterToKafkaApplicationTest on DESKTOP-S8N9NUL with PID 17844 (started by Sankalp in E:\Spring\Microservices-demo\twitter-tokafka-service)
2023-08-04 00:34:03 [main] INFO  c.m.d.t.s.TwitterToKafkaApplicationTest - No active profile set, falling back to default profiles: default
2023-08-04 00:34:04 [main] INFO  c.m.d.t.s.TwitterToKafkaApplicationTest - Started TwitterToKafkaApplicationTest in 0.604 seconds (JVM running for 1.48)
2023-08-04 00:34:04 [main] INFO  c.m.d.t.s.TwitterToKafkaServiceApplication - App started
2023-08-04 00:34:04 [main] INFO  c.m.d.t.s.TwitterToKafkaServiceApplication - [Java, Microservices, Kafka, Elasticsearch]
2023-08-04 00:34:04 [main] INFO  c.m.d.t.s.TwitterToKafkaServiceApplication - Hello microservices!
2023-08-04 00:34:04 [main] INFO  c.m.d.t.s.impl.MockKafkaStreamRunner - Starting mock filtering tweeter streams for the keywords: [Java, Microservices, Kafka, Elasticsearch]
2023-08-04 00:34:04 [pool-1-thread-1] INFO  c.m.d.t.s.l.TwitterToKafkaStatusListener - Twitter status: posuere elit Maecenas ipsum purus consectetuer sed magna sit pulvinar Java elit adipiscing congue congue sit Lorem adipiscing magna consectetuer
2023-08-04 00:39:54 [main] INFO  o.s.b.t.c.SpringBootTestContextBootstrapper - Neither @ContextConfiguration nor @ContextHierarchy found for test class [com.microservices.demo.twittertokafka.service.TwitterToKafkaApplicationTest], using SpringBootContextLoader
2023-08-04 00:39:54 [main] INFO  o.s.t.c.s.AbstractContextLoader - Could not detect default resource locations for test class [com.microservices.demo.twittertokafka.service.TwitterToKafkaApplicationTest]: no resource found for suffixes {-context.xml, Context.groovy}.
2023-08-04 00:39:54 [main] INFO  o.s.t.c.s.AnnotationConfigContextLoaderUtils - Could not detect default configuration classes for test class [com.microservices.demo.twittertokafka.service.TwitterToKafkaApplicationTest]: TwitterToKafkaApplicationTest does not declare any static, non-private, non-final, nested classes annotated with @Configuration.
2023-08-04 00:39:54 [main] INFO  o.s.b.t.c.SpringBootTestContextBootstrapper - Found @SpringBootConfiguration com.microservices.demo.twittertokafka.service.TwitterToKafkaServiceApplication for test class com.microservices.demo.twittertokafka.service.TwitterToKafkaApplicationTest
2023-08-04 00:39:54 [main] INFO  o.s.b.t.c.SpringBootTestContextBootstrapper - Loaded default TestExecutionListener class names from location [META-INF/spring.factories]: [org.springframework.boot.test.mock.mockito.MockitoTestExecutionListener, org.springframework.boot.test.mock.mockito.ResetMocksTestExecutionListener, org.springframework.boot.test.autoconfigure.restdocs.RestDocsTestExecutionListener, org.springframework.boot.test.autoconfigure.web.client.MockRestServiceServerResetTestExecutionListener, org.springframework.boot.test.autoconfigure.web.servlet.MockMvcPrintOnlyOnFailureTestExecutionListener, org.springframework.boot.test.autoconfigure.web.servlet.WebDriverTestExecutionListener, org.springframework.boot.test.autoconfigure.webservices.client.MockWebServiceServerTestExecutionListener, org.springframework.test.context.web.ServletTestExecutionListener, org.springframework.test.context.support.DirtiesContextBeforeModesTestExecutionListener, org.springframework.test.context.support.DependencyInjectionTestExecutionListener, org.springframework.test.context.support.DirtiesContextTestExecutionListener, org.springframework.test.context.transaction.TransactionalTestExecutionListener, org.springframework.test.context.jdbc.SqlScriptsTestExecutionListener, org.springframework.test.context.event.EventPublishingTestExecutionListener]
2023-08-04 00:39:54 [main] INFO  o.s.b.t.c.SpringBootTestContextBootstrapper - Using TestExecutionListeners: [org.springframework.test.context.support.DirtiesContextBeforeModesTestExecutionListener@64df9a61, org.springframework.boot.test.mock.mockito.MockitoTestExecutionListener@77602954, org.springframework.boot.test.autoconfigure.SpringBootDependencyInjectionTestExecutionListener@e260766, org.springframework.test.context.support.DirtiesContextTestExecutionListener@2c3dec30, org.springframework.test.context.event.EventPublishingTestExecutionListener@34a97744, org.springframework.boot.test.mock.mockito.ResetMocksTestExecutionListener@4275c20c, org.springframework.boot.test.autoconfigure.restdocs.RestDocsTestExecutionListener@7c56e013, org.springframework.boot.test.autoconfigure.web.client.MockRestServiceServerResetTestExecutionListener@3fc9dfc5, org.springframework.boot.test.autoconfigure.web.servlet.MockMvcPrintOnlyOnFailureTestExecutionListener@40258c2f, org.springframework.boot.test.autoconfigure.web.servlet.WebDriverTestExecutionListener@2cac4385, org.springframework.boot.test.autoconfigure.webservices.client.MockWebServiceServerTestExecutionListener@6731787b]
2023-08-04 00:39:54 [main] WARN  o.s.b.t.j.DuplicateJsonObjectContextCustomizerFactory$DuplicateJsonObjectContextCustomizer - 

Found multiple occurrences of org.json.JSONObject on the class path:

	jar:file:/C:/Users/Sankalp/.m2/repository/com/vaadin/external/google/android-json/0.0.20131108.vaadin1/android-json-0.0.20131108.vaadin1.jar!/org/json/JSONObject.class
	jar:file:/C:/Users/Sankalp/.m2/repository/org/json/json/20220320/json-20220320.jar!/org/json/JSONObject.class

You may wish to exclude one of them to ensure predictable runtime behavior

2023-08-04 00:39:54 [main] INFO  c.m.d.t.s.TwitterToKafkaApplicationTest - Starting TwitterToKafkaApplicationTest on DESKTOP-S8N9NUL with PID 20128 (started by Sankalp in E:\Spring\Microservices-demo\twitter-tokafka-service)
2023-08-04 00:39:54 [main] INFO  c.m.d.t.s.TwitterToKafkaApplicationTest - No active profile set, falling back to default profiles: default
2023-08-04 00:39:55 [main] INFO  c.m.d.t.s.TwitterToKafkaApplicationTest - Started TwitterToKafkaApplicationTest in 0.611 seconds (JVM running for 1.505)
2023-08-04 00:39:55 [main] INFO  c.m.d.t.s.TwitterToKafkaServiceApplication - App started
2023-08-04 00:39:55 [main] INFO  c.m.d.t.s.TwitterToKafkaServiceApplication - [Java, Microservices, Kafka, Elasticsearch]
2023-08-04 00:39:55 [main] INFO  c.m.d.t.s.TwitterToKafkaServiceApplication - Hello microservices!
2023-08-04 00:39:55 [main] INFO  c.m.d.t.s.impl.MockKafkaStreamRunner - Starting mock filtering tweeter streams for the keywords: [Java, Microservices, Kafka, Elasticsearch]
2023-08-04 00:39:55 [pool-1-thread-1] INFO  c.m.d.t.s.l.TwitterToKafkaStatusListener - Twitter status: posuere pulvinar ultricies elit Elasticsearch malesuada congue Lorem
