2023-08-07 17:09:12 [main] INFO  o.s.b.t.c.SpringBootTestContextBootstrapper - Neither @ContextConfiguration nor @ContextHierarchy found for test class [com.microservices.demo.twittertokafka.service.TwitterToKafkaApplicationTest], using SpringBootContextLoader
2023-08-07 17:09:12 [main] INFO  o.s.t.c.s.AbstractContextLoader - Could not detect default resource locations for test class [com.microservices.demo.twittertokafka.service.TwitterToKafkaApplicationTest]: no resource found for suffixes {-context.xml, Context.groovy}.
2023-08-07 17:09:12 [main] INFO  o.s.t.c.s.AnnotationConfigContextLoaderUtils - Could not detect default configuration classes for test class [com.microservices.demo.twittertokafka.service.TwitterToKafkaApplicationTest]: TwitterToKafkaApplicationTest does not declare any static, non-private, non-final, nested classes annotated with @Configuration.
2023-08-07 17:09:12 [main] INFO  o.s.b.t.c.SpringBootTestContextBootstrapper - Found @SpringBootConfiguration com.microservices.demo.twittertokafka.service.TwitterToKafkaServiceApplication for test class com.microservices.demo.twittertokafka.service.TwitterToKafkaApplicationTest
2023-08-07 17:09:12 [main] INFO  o.s.b.t.c.SpringBootTestContextBootstrapper - Loaded default TestExecutionListener class names from location [META-INF/spring.factories]: [org.springframework.boot.test.mock.mockito.MockitoTestExecutionListener, org.springframework.boot.test.mock.mockito.ResetMocksTestExecutionListener, org.springframework.boot.test.autoconfigure.restdocs.RestDocsTestExecutionListener, org.springframework.boot.test.autoconfigure.web.client.MockRestServiceServerResetTestExecutionListener, org.springframework.boot.test.autoconfigure.web.servlet.MockMvcPrintOnlyOnFailureTestExecutionListener, org.springframework.boot.test.autoconfigure.web.servlet.WebDriverTestExecutionListener, org.springframework.boot.test.autoconfigure.webservices.client.MockWebServiceServerTestExecutionListener, org.springframework.test.context.web.ServletTestExecutionListener, org.springframework.test.context.support.DirtiesContextBeforeModesTestExecutionListener, org.springframework.test.context.support.DependencyInjectionTestExecutionListener, org.springframework.test.context.support.DirtiesContextTestExecutionListener, org.springframework.test.context.transaction.TransactionalTestExecutionListener, org.springframework.test.context.jdbc.SqlScriptsTestExecutionListener, org.springframework.test.context.event.EventPublishingTestExecutionListener]
2023-08-07 17:09:12 [main] INFO  o.s.b.t.c.SpringBootTestContextBootstrapper - Using TestExecutionListeners: [org.springframework.test.context.support.DirtiesContextBeforeModesTestExecutionListener@162be91c, org.springframework.boot.test.mock.mockito.MockitoTestExecutionListener@2488b073, org.springframework.boot.test.autoconfigure.SpringBootDependencyInjectionTestExecutionListener@1c9f0a20, org.springframework.test.context.support.DirtiesContextTestExecutionListener@55787112, org.springframework.test.context.event.EventPublishingTestExecutionListener@1cd201a8, org.springframework.boot.test.mock.mockito.ResetMocksTestExecutionListener@7db82169, org.springframework.boot.test.autoconfigure.restdocs.RestDocsTestExecutionListener@1992eaf4, org.springframework.boot.test.autoconfigure.web.client.MockRestServiceServerResetTestExecutionListener@f74e835, org.springframework.boot.test.autoconfigure.web.servlet.MockMvcPrintOnlyOnFailureTestExecutionListener@3276732, org.springframework.boot.test.autoconfigure.web.servlet.WebDriverTestExecutionListener@3f28bd56, org.springframework.boot.test.autoconfigure.webservices.client.MockWebServiceServerTestExecutionListener@31e3250d]
2023-08-07 17:09:13 [main] WARN  o.s.b.t.j.DuplicateJsonObjectContextCustomizerFactory$DuplicateJsonObjectContextCustomizer - 

Found multiple occurrences of org.json.JSONObject on the class path:

	jar:file:/C:/Users/borad/.m2/repository/com/vaadin/external/google/android-json/0.0.20131108.vaadin1/android-json-0.0.20131108.vaadin1.jar!/org/json/JSONObject.class
	jar:file:/C:/Users/borad/.m2/repository/org/json/json/20180130/json-20180130.jar!/org/json/JSONObject.class

You may wish to exclude one of them to ensure predictable runtime behavior

2023-08-07 17:09:13 [main] INFO  c.m.d.t.s.TwitterToKafkaApplicationTest - Starting TwitterToKafkaApplicationTest on DESKTOP-D1ULCAD with PID 17012 (started by borad in E:\Spring\Microservices-demo\twitter-tokafka-service)
2023-08-07 17:09:13 [main] INFO  c.m.d.t.s.TwitterToKafkaApplicationTest - No active profile set, falling back to default profiles: default
2023-08-07 17:09:13 [main] INFO  c.m.d.t.s.TwitterToKafkaApplicationTest - Started TwitterToKafkaApplicationTest in 0.753 seconds (JVM running for 1.816)
2023-08-07 17:09:13 [main] INFO  c.m.d.t.s.TwitterToKafkaServiceApplication - App started
2023-08-07 17:09:13 [main] INFO  c.m.d.t.s.TwitterToKafkaServiceApplication - [Java, Microservices, Kafka, Elasticsearch]
2023-08-07 17:09:13 [main] INFO  c.m.d.t.s.TwitterToKafkaServiceApplication - Hello microservices!
2023-08-07 17:09:13 [main] INFO  c.m.d.t.s.impl.MockKafkaStreamRunner - Starting mock filtering tweeter streams for the keywords: [Java, Microservices, Kafka, Elasticsearch]
2023-08-07 17:09:13 [pool-1-thread-1] INFO  c.m.d.t.s.l.TwitterToKafkaStatusListener - Twitter status: ipsum ipsum porttitor Java lectus ipsum
2023-08-07 17:09:29 [main] INFO  c.m.d.t.s.TwitterToKafkaServiceApplication - Starting TwitterToKafkaServiceApplication on DESKTOP-D1ULCAD with PID 10324 (E:\Spring\Microservices-demo\twitter-tokafka-service\target\classes started by borad in E:\Spring\Microservices-demo\twitter-tokafka-service)
2023-08-07 17:09:29 [main] INFO  c.m.d.t.s.TwitterToKafkaServiceApplication - No active profile set, falling back to default profiles: default
2023-08-07 17:09:30 [main] INFO  c.m.d.t.s.TwitterToKafkaServiceApplication - Started TwitterToKafkaServiceApplication in 0.725 seconds (JVM running for 1.176)
2023-08-07 17:09:30 [main] INFO  c.m.d.t.s.TwitterToKafkaServiceApplication - App started
2023-08-07 17:09:30 [main] INFO  c.m.d.t.s.TwitterToKafkaServiceApplication - [Java, Microservices, Kafka, Elasticsearch]
2023-08-07 17:09:30 [main] INFO  c.m.d.t.s.TwitterToKafkaServiceApplication - Hello microservices!
2023-08-07 17:09:30 [main] INFO  c.m.d.t.s.impl.MockKafkaStreamRunner - Starting mock filtering tweeter streams for the keywords: [Java, Microservices, Kafka, Elasticsearch]
2023-08-07 17:09:30 [pool-1-thread-1] INFO  c.m.d.t.s.l.TwitterToKafkaStatusListener - Twitter status: amet purus magna lectus sit massa congue Elasticsearch pulvinar magna Fusce amet adipiscing adipiscing
2023-08-07 17:09:31 [pool-1-thread-1] INFO  c.m.d.t.s.l.TwitterToKafkaStatusListener - Twitter status: purus posuere pulvinar elit magna Microservices massa sit ultricies
2023-08-07 17:09:32 [pool-1-thread-1] INFO  c.m.d.t.s.l.TwitterToKafkaStatusListener - Twitter status: massa lectus pulvinar sed posuere porttitor Maecenas Fusce ipsum purus Elasticsearch Maecenas pulvinar magna Fusce purus amet congue congue
2023-08-07 17:09:33 [pool-1-thread-1] INFO  c.m.d.t.s.l.TwitterToKafkaStatusListener - Twitter status: sit porttitor magna purus consectetuer malesuada massa elit porttitor malesuada purus Kafka posuere ultricies adipiscing lectus sit adipiscing Maecenas consectetuer Maecenas
2023-08-07 17:09:34 [pool-1-thread-1] INFO  c.m.d.t.s.l.TwitterToKafkaStatusListener - Twitter status: libero dolor amet consectetuer Elasticsearch ultricies dolor
2023-08-07 17:09:35 [pool-1-thread-1] INFO  c.m.d.t.s.l.TwitterToKafkaStatusListener - Twitter status: pulvinar elit ultricies Maecenas porttitor Microservices congue libero amet
2023-08-07 17:09:36 [pool-1-thread-1] INFO  c.m.d.t.s.l.TwitterToKafkaStatusListener - Twitter status: Fusce magna congue consectetuer ultricies consectetuer Kafka purus amet congue ipsum pulvinar
2023-08-07 17:09:37 [pool-1-thread-1] INFO  c.m.d.t.s.l.TwitterToKafkaStatusListener - Twitter status: adipiscing ultricies ultricies amet Microservices posuere elit
2023-08-07 17:09:38 [pool-1-thread-1] INFO  c.m.d.t.s.l.TwitterToKafkaStatusListener - Twitter status: adipiscing pulvinar Maecenas malesuada Microservices sed Fusce Maecenas
2023-08-07 17:09:39 [pool-1-thread-1] INFO  c.m.d.t.s.l.TwitterToKafkaStatusListener - Twitter status: lectus libero libero sit lectus Kafka posuere adipiscing consectetuer
2023-08-07 17:09:40 [pool-1-thread-1] INFO  c.m.d.t.s.l.TwitterToKafkaStatusListener - Twitter status: congue pulvinar consectetuer congue lectus dolor posuere adipiscing Java malesuada adipiscing dolor Fusce pulvinar adipiscing malesuada
2023-08-07 17:09:41 [pool-1-thread-1] INFO  c.m.d.t.s.l.TwitterToKafkaStatusListener - Twitter status: magna elit porttitor magna dolor libero pulvinar malesuada Java pulvinar amet Fusce sed porttitor Maecenas ultricies
2023-08-07 17:09:42 [pool-1-thread-1] INFO  c.m.d.t.s.l.TwitterToKafkaStatusListener - Twitter status: ultricies porttitor purus adipiscing adipiscing lectus sed Lorem Elasticsearch lectus adipiscing massa Lorem Fusce porttitor Fusce
2023-08-07 17:09:43 [pool-1-thread-1] INFO  c.m.d.t.s.l.TwitterToKafkaStatusListener - Twitter status: Maecenas Maecenas purus porttitor Kafka congue adipiscing
