2023-08-03 12:49:09 [main] INFO  c.m.d.t.s.TwitterToKafkaServiceApplication - Starting TwitterToKafkaServiceApplication using Java 17.0.1 with PID 5896 (E:\Spring\Microservices-demo\twitter-tokafka-service\target\classes started by Sankalp in E:\Spring\Microservices-demo\twitter-tokafka-service)
2023-08-03 12:49:09 [main] INFO  c.m.d.t.s.TwitterToKafkaServiceApplication - No active profile set, falling back to 1 default profile: "default"
2023-08-03 12:49:09 [main] INFO  c.m.d.t.s.TwitterToKafkaServiceApplication - Started TwitterToKafkaServiceApplication in 0.999 seconds (process running for 1.955)
2023-08-03 12:49:09 [main] INFO  c.m.d.t.s.TwitterToKafkaServiceApplication - App started
2023-08-03 12:49:09 [main] INFO  c.m.d.t.s.TwitterToKafkaServiceApplication - [Java, Microservices, Kafka, Elasticsearch]
2023-08-03 12:49:09 [main] INFO  c.m.d.t.s.TwitterToKafkaServiceApplication - Hello microservices!
2023-08-03 12:49:09 [main] INFO  c.m.d.t.s.impl.MockKafkaStreamRunner - Starting mock filtering tweeter streams for the keywords: [Java, Microservices, Kafka, Elasticsearch]
2023-08-03 12:49:09 [pool-2-thread-1] INFO  c.m.d.t.s.l.TwitterToKafkaStatusListener - Twitter status: massa sed congue Fusce Java Maecenas porttitor
2023-08-03 12:49:10 [pool-2-thread-1] INFO  c.m.d.t.s.l.TwitterToKafkaStatusListener - Twitter status: Lorem congue malesuada lectus libero sit malesuada posuere Kafka lectus magna porttitor ultricies purus purus ipsum
2023-08-03 12:49:11 [pool-2-thread-1] INFO  c.m.d.t.s.l.TwitterToKafkaStatusListener - Twitter status: adipiscing malesuada sed posuere pulvinar lectus amet sit magna Java congue Lorem sed sit sed Lorem sed
2023-08-03 12:49:12 [pool-2-thread-1] INFO  c.m.d.t.s.l.TwitterToKafkaStatusListener - Twitter status: magna lectus malesuada pulvinar pulvinar porttitor sed dolor massa Microservices Maecenas porttitor ipsum consectetuer libero libero porttitor dolor
2023-08-03 12:49:13 [pool-2-thread-1] INFO  c.m.d.t.s.l.TwitterToKafkaStatusListener - Twitter status: sed amet Maecenas malesuada Maecenas pulvinar dolor Kafka amet porttitor lectus libero adipiscing Lorem
2023-08-03 12:49:14 [pool-2-thread-1] INFO  c.m.d.t.s.l.TwitterToKafkaStatusListener - Twitter status: malesuada magna sit lectus porttitor posuere Lorem lectus Lorem pulvinar Java congue Maecenas sed magna magna amet massa Fusce
2023-08-03 12:49:15 [pool-2-thread-1] INFO  c.m.d.t.s.l.TwitterToKafkaStatusListener - Twitter status: dolor congue magna purus Fusce Fusce Lorem posuere porttitor Java Fusce massa consectetuer ultricies lectus elit sit
2023-08-03 12:49:16 [pool-2-thread-1] INFO  c.m.d.t.s.l.TwitterToKafkaStatusListener - Twitter status: magna ultricies Fusce amet dolor magna ultricies purus Kafka elit adipiscing amet sit ultricies ultricies sed
2023-08-03 12:49:17 [pool-2-thread-1] INFO  c.m.d.t.s.l.TwitterToKafkaStatusListener - Twitter status: ipsum libero dolor elit magna Kafka consectetuer dolor consectetuer pulvinar
2023-08-03 12:49:18 [pool-2-thread-1] INFO  c.m.d.t.s.l.TwitterToKafkaStatusListener - Twitter status: posuere sit elit adipiscing ultricies purus pulvinar consectetuer magna ipsum Elasticsearch porttitor ultricies Maecenas massa Fusce Lorem porttitor pulvinar ipsum
2023-08-03 12:49:19 [pool-2-thread-1] INFO  c.m.d.t.s.l.TwitterToKafkaStatusListener - Twitter status: adipiscing lectus Fusce Kafka ultricies adipiscing
2023-08-03 12:49:20 [pool-2-thread-1] INFO  c.m.d.t.s.l.TwitterToKafkaStatusListener - Twitter status: sed sit dolor Maecenas malesuada massa libero pulvinar amet posuere congue Java lectus malesuada pulvinar magna libero posuere posuere consectetuer pulvinar
2023-08-03 12:49:21 [pool-2-thread-1] INFO  c.m.d.t.s.l.TwitterToKafkaStatusListener - Twitter status: magna amet purus dolor libero posuere posuere Elasticsearch porttitor Maecenas consectetuer libero ultricies ultricies
2023-08-03 12:49:22 [pool-2-thread-1] INFO  c.m.d.t.s.l.TwitterToKafkaStatusListener - Twitter status: congue sit sed Maecenas ipsum Microservices adipiscing purus congue malesuada
2023-08-03 12:49:23 [pool-2-thread-1] INFO  c.m.d.t.s.l.TwitterToKafkaStatusListener - Twitter status: elit congue congue Maecenas Lorem congue Kafka massa Fusce ultricies dolor
2023-08-03 12:49:24 [pool-2-thread-1] INFO  c.m.d.t.s.l.TwitterToKafkaStatusListener - Twitter status: amet sed libero ipsum congue malesuada ultricies sit libero Kafka elit adipiscing ipsum elit lectus magna congue porttitor
2023-08-03 12:49:25 [pool-2-thread-1] INFO  c.m.d.t.s.l.TwitterToKafkaStatusListener - Twitter status: elit ultricies ultricies magna ipsum pulvinar amet malesuada porttitor amet malesuada Kafka adipiscing purus Maecenas congue purus libero ipsum Lorem posuere
2023-08-03 12:49:26 [pool-2-thread-1] INFO  c.m.d.t.s.l.TwitterToKafkaStatusListener - Twitter status: ipsum consectetuer amet Maecenas congue pulvinar adipiscing pulvinar Microservices sed ultricies amet elit consectetuer magna
2023-08-03 12:49:27 [pool-2-thread-1] INFO  c.m.d.t.s.l.TwitterToKafkaStatusListener - Twitter status: ultricies malesuada elit elit Maecenas Fusce magna malesuada lectus massa sit Java porttitor adipiscing Fusce malesuada porttitor dolor massa dolor Fusce
2023-08-03 12:49:28 [pool-2-thread-1] INFO  c.m.d.t.s.l.TwitterToKafkaStatusListener - Twitter status: Maecenas massa libero sit elit porttitor adipiscing amet elit sed massa Elasticsearch libero ipsum Maecenas libero congue Lorem ipsum congue ultricies
2023-08-03 12:49:29 [pool-2-thread-1] INFO  c.m.d.t.s.l.TwitterToKafkaStatusListener - Twitter status: lectus posuere congue malesuada adipiscing congue posuere sit Microservices lectus consectetuer magna consectetuer malesuada sit
2023-08-03 12:49:30 [pool-2-thread-1] INFO  c.m.d.t.s.l.TwitterToKafkaStatusListener - Twitter status: malesuada amet purus elit malesuada Maecenas consectetuer libero elit ultricies Java libero congue adipiscing dolor congue Maecenas malesuada libero elit
2023-08-03 12:49:31 [pool-2-thread-1] INFO  c.m.d.t.s.l.TwitterToKafkaStatusListener - Twitter status: lectus Fusce dolor posuere Elasticsearch malesuada adipiscing
2023-08-03 12:49:32 [pool-2-thread-1] INFO  c.m.d.t.s.l.TwitterToKafkaStatusListener - Twitter status: lectus sit congue Elasticsearch malesuada massa
2023-08-03 12:49:33 [pool-2-thread-1] INFO  c.m.d.t.s.l.TwitterToKafkaStatusListener - Twitter status: libero congue posuere massa lectus libero magna lectus Lorem porttitor Elasticsearch adipiscing Lorem sit adipiscing purus dolor dolor Fusce
2023-08-03 13:05:54 [main] INFO  o.s.t.c.s.AnnotationConfigContextLoaderUtils - Could not detect default configuration classes for test class [com.microservices.demo.twittertokafka.service.TwitterToKafkaApplicationTest]: TwitterToKafkaApplicationTest does not declare any static, non-private, non-final, nested classes annotated with @Configuration.
2023-08-03 13:05:54 [main] INFO  o.s.b.t.c.SpringBootTestContextBootstrapper - Found @SpringBootConfiguration com.microservices.demo.twittertokafka.service.TwitterToKafkaServiceApplication for test class com.microservices.demo.twittertokafka.service.TwitterToKafkaApplicationTest
2023-08-03 13:05:54 [main] WARN  o.s.b.t.j.DuplicateJsonObjectContextCustomizerFactory$DuplicateJsonObjectContextCustomizer - 

Found multiple occurrences of org.json.JSONObject on the class path:

	jar:file:/C:/Users/Sankalp/.m2/repository/com/vaadin/external/google/android-json/0.0.20131108.vaadin1/android-json-0.0.20131108.vaadin1.jar!/org/json/JSONObject.class
	jar:file:/C:/Users/Sankalp/.m2/repository/org/json/json/20220320/json-20220320.jar!/org/json/JSONObject.class

You may wish to exclude one of them to ensure predictable runtime behavior

2023-08-03 13:05:54 [main] INFO  c.m.d.t.s.TwitterToKafkaApplicationTest - Starting TwitterToKafkaApplicationTest using Java 17.0.1 with PID 4224 (started by Sankalp in E:\Spring\Microservices-demo\twitter-tokafka-service)
2023-08-03 13:05:54 [main] INFO  c.m.d.t.s.TwitterToKafkaApplicationTest - No active profile set, falling back to 1 default profile: "default"
2023-08-03 13:05:55 [main] INFO  c.m.d.t.s.TwitterToKafkaApplicationTest - Started TwitterToKafkaApplicationTest in 0.642 seconds (process running for 1.79)
2023-08-03 13:05:55 [main] INFO  c.m.d.t.s.TwitterToKafkaServiceApplication - App started
2023-08-03 13:05:55 [main] INFO  c.m.d.t.s.TwitterToKafkaServiceApplication - [Java, Microservices, Kafka, Elasticsearch]
2023-08-03 13:05:55 [main] INFO  c.m.d.t.s.TwitterToKafkaServiceApplication - Hello microservices!
2023-08-03 13:05:55 [main] INFO  c.m.d.t.s.impl.MockKafkaStreamRunner - Starting mock filtering tweeter streams for the keywords: [Java, Microservices, Kafka, Elasticsearch]
2023-08-03 13:05:55 [pool-3-thread-1] INFO  c.m.d.t.s.l.TwitterToKafkaStatusListener - Twitter status: consectetuer sit sit massa porttitor Java pulvinar dolor sed Lorem
2023-08-03 13:16:17 [main] INFO  o.s.b.t.c.SpringBootTestContextBootstrapper - Neither @ContextConfiguration nor @ContextHierarchy found for test class [com.microservices.demo.twittertokafka.service.TwitterToKafkaApplicationTest], using SpringBootContextLoader
2023-08-03 13:16:17 [main] INFO  o.s.t.c.s.AbstractContextLoader - Could not detect default resource locations for test class [com.microservices.demo.twittertokafka.service.TwitterToKafkaApplicationTest]: no resource found for suffixes {-context.xml, Context.groovy}.
2023-08-03 13:16:17 [main] INFO  o.s.t.c.s.AnnotationConfigContextLoaderUtils - Could not detect default configuration classes for test class [com.microservices.demo.twittertokafka.service.TwitterToKafkaApplicationTest]: TwitterToKafkaApplicationTest does not declare any static, non-private, non-final, nested classes annotated with @Configuration.
2023-08-03 13:16:17 [main] INFO  o.s.b.t.c.SpringBootTestContextBootstrapper - Found @SpringBootConfiguration com.microservices.demo.twittertokafka.service.TwitterToKafkaServiceApplication for test class com.microservices.demo.twittertokafka.service.TwitterToKafkaApplicationTest
2023-08-03 13:16:17 [main] INFO  o.s.b.t.c.SpringBootTestContextBootstrapper - Loaded default TestExecutionListener class names from location [META-INF/spring.factories]: [org.springframework.boot.test.mock.mockito.MockitoTestExecutionListener, org.springframework.boot.test.mock.mockito.ResetMocksTestExecutionListener, org.springframework.boot.test.autoconfigure.restdocs.RestDocsTestExecutionListener, org.springframework.boot.test.autoconfigure.web.client.MockRestServiceServerResetTestExecutionListener, org.springframework.boot.test.autoconfigure.web.servlet.MockMvcPrintOnlyOnFailureTestExecutionListener, org.springframework.boot.test.autoconfigure.web.servlet.WebDriverTestExecutionListener, org.springframework.boot.test.autoconfigure.webservices.client.MockWebServiceServerTestExecutionListener, org.springframework.test.context.web.ServletTestExecutionListener, org.springframework.test.context.support.DirtiesContextBeforeModesTestExecutionListener, org.springframework.test.context.support.DependencyInjectionTestExecutionListener, org.springframework.test.context.support.DirtiesContextTestExecutionListener, org.springframework.test.context.transaction.TransactionalTestExecutionListener, org.springframework.test.context.jdbc.SqlScriptsTestExecutionListener, org.springframework.test.context.event.EventPublishingTestExecutionListener]
2023-08-03 13:16:17 [main] INFO  o.s.b.t.c.SpringBootTestContextBootstrapper - Using TestExecutionListeners: [org.springframework.test.context.support.DirtiesContextBeforeModesTestExecutionListener@64df9a61, org.springframework.boot.test.mock.mockito.MockitoTestExecutionListener@77602954, org.springframework.boot.test.autoconfigure.SpringBootDependencyInjectionTestExecutionListener@e260766, org.springframework.test.context.support.DirtiesContextTestExecutionListener@2c3dec30, org.springframework.test.context.event.EventPublishingTestExecutionListener@34a97744, org.springframework.boot.test.mock.mockito.ResetMocksTestExecutionListener@4275c20c, org.springframework.boot.test.autoconfigure.restdocs.RestDocsTestExecutionListener@7c56e013, org.springframework.boot.test.autoconfigure.web.client.MockRestServiceServerResetTestExecutionListener@3fc9dfc5, org.springframework.boot.test.autoconfigure.web.servlet.MockMvcPrintOnlyOnFailureTestExecutionListener@40258c2f, org.springframework.boot.test.autoconfigure.web.servlet.WebDriverTestExecutionListener@2cac4385, org.springframework.boot.test.autoconfigure.webservices.client.MockWebServiceServerTestExecutionListener@6731787b]
2023-08-03 13:16:17 [main] WARN  o.s.b.t.j.DuplicateJsonObjectContextCustomizerFactory$DuplicateJsonObjectContextCustomizer - 

Found multiple occurrences of org.json.JSONObject on the class path:

	jar:file:/C:/Users/Sankalp/.m2/repository/com/vaadin/external/google/android-json/0.0.20131108.vaadin1/android-json-0.0.20131108.vaadin1.jar!/org/json/JSONObject.class
	jar:file:/C:/Users/Sankalp/.m2/repository/org/json/json/20220320/json-20220320.jar!/org/json/JSONObject.class

You may wish to exclude one of them to ensure predictable runtime behavior

2023-08-03 13:16:17 [main] INFO  c.m.d.t.s.TwitterToKafkaApplicationTest - Starting TwitterToKafkaApplicationTest on DESKTOP-S8N9NUL with PID 8436 (started by Sankalp in E:\Spring\Microservices-demo\twitter-tokafka-service)
2023-08-03 13:16:17 [main] INFO  c.m.d.t.s.TwitterToKafkaApplicationTest - No active profile set, falling back to default profiles: default
2023-08-03 13:16:18 [main] INFO  c.m.d.t.s.TwitterToKafkaApplicationTest - Started TwitterToKafkaApplicationTest in 0.548 seconds (JVM running for 1.393)
2023-08-03 13:16:18 [main] INFO  c.m.d.t.s.TwitterToKafkaServiceApplication - App started
2023-08-03 13:16:18 [main] INFO  c.m.d.t.s.TwitterToKafkaServiceApplication - [Java, Microservices, Kafka, Elasticsearch]
2023-08-03 13:16:18 [main] INFO  c.m.d.t.s.TwitterToKafkaServiceApplication - Hello microservices!
2023-08-03 13:16:18 [main] INFO  c.m.d.t.s.impl.MockKafkaStreamRunner - Starting mock filtering tweeter streams for the keywords: [Java, Microservices, Kafka, Elasticsearch]
2023-08-03 13:16:18 [pool-1-thread-1] INFO  c.m.d.t.s.l.TwitterToKafkaStatusListener - Twitter status: malesuada sed ipsum consectetuer purus posuere elit Microservices Fusce Fusce Maecenas Maecenas elit
2023-08-03 13:16:48 [main] INFO  c.m.d.t.s.TwitterToKafkaServiceApplication - Starting TwitterToKafkaServiceApplication on DESKTOP-S8N9NUL with PID 6044 (E:\Spring\Microservices-demo\twitter-tokafka-service\target\classes started by Sankalp in E:\Spring\Microservices-demo\twitter-tokafka-service)
2023-08-03 13:16:48 [main] INFO  c.m.d.t.s.TwitterToKafkaServiceApplication - No active profile set, falling back to default profiles: default
2023-08-03 13:16:48 [main] INFO  c.m.d.t.s.TwitterToKafkaServiceApplication - Started TwitterToKafkaServiceApplication in 0.656 seconds (JVM running for 1.078)
2023-08-03 13:16:48 [main] INFO  c.m.d.t.s.TwitterToKafkaServiceApplication - App started
2023-08-03 13:16:48 [main] INFO  c.m.d.t.s.TwitterToKafkaServiceApplication - [Java, Microservices, Kafka, Elasticsearch]
2023-08-03 13:16:48 [main] INFO  c.m.d.t.s.TwitterToKafkaServiceApplication - Hello microservices!
2023-08-03 13:16:48 [main] INFO  c.m.d.t.s.impl.MockKafkaStreamRunner - Starting mock filtering tweeter streams for the keywords: [Java, Microservices, Kafka, Elasticsearch]
2023-08-03 13:16:48 [pool-1-thread-1] INFO  c.m.d.t.s.l.TwitterToKafkaStatusListener - Twitter status: amet porttitor purus massa consectetuer ipsum ultricies sit massa ultricies Microservices magna Maecenas malesuada porttitor porttitor ultricies porttitor libero
2023-08-03 13:16:49 [pool-1-thread-1] INFO  c.m.d.t.s.l.TwitterToKafkaStatusListener - Twitter status: ultricies sed adipiscing porttitor adipiscing ipsum sit sit posuere consectetuer Java amet sit elit Lorem porttitor pulvinar magna lectus
2023-08-03 13:16:50 [pool-1-thread-1] INFO  c.m.d.t.s.l.TwitterToKafkaStatusListener - Twitter status: sed purus amet Lorem porttitor malesuada magna dolor ultricies lectus Elasticsearch Lorem pulvinar lectus sed ipsum adipiscing lectus lectus
2023-08-03 13:16:51 [pool-1-thread-1] INFO  c.m.d.t.s.l.TwitterToKafkaStatusListener - Twitter status: lectus magna Maecenas Maecenas elit lectus lectus Java ultricies massa elit adipiscing amet lectus
2023-08-03 13:16:52 [pool-1-thread-1] INFO  c.m.d.t.s.l.TwitterToKafkaStatusListener - Twitter status: ultricies malesuada posuere Java libero elit
2023-08-03 13:16:53 [pool-1-thread-1] INFO  c.m.d.t.s.l.TwitterToKafkaStatusListener - Twitter status: purus purus pulvinar Maecenas libero Microservices elit consectetuer ultricies
2023-08-03 14:45:20 [main] INFO  o.s.b.t.c.SpringBootTestContextBootstrapper - Neither @ContextConfiguration nor @ContextHierarchy found for test class [com.microservices.demo.twittertokafka.service.TwitterToKafkaApplicationTest], using SpringBootContextLoader
2023-08-03 14:45:20 [main] INFO  o.s.t.c.s.AbstractContextLoader - Could not detect default resource locations for test class [com.microservices.demo.twittertokafka.service.TwitterToKafkaApplicationTest]: no resource found for suffixes {-context.xml, Context.groovy}.
2023-08-03 14:45:20 [main] INFO  o.s.t.c.s.AnnotationConfigContextLoaderUtils - Could not detect default configuration classes for test class [com.microservices.demo.twittertokafka.service.TwitterToKafkaApplicationTest]: TwitterToKafkaApplicationTest does not declare any static, non-private, non-final, nested classes annotated with @Configuration.
2023-08-03 14:45:20 [main] INFO  o.s.b.t.c.SpringBootTestContextBootstrapper - Found @SpringBootConfiguration com.microservices.demo.twittertokafka.service.TwitterToKafkaServiceApplication for test class com.microservices.demo.twittertokafka.service.TwitterToKafkaApplicationTest
2023-08-03 14:45:21 [main] INFO  o.s.b.t.c.SpringBootTestContextBootstrapper - Loaded default TestExecutionListener class names from location [META-INF/spring.factories]: [org.springframework.boot.test.mock.mockito.MockitoTestExecutionListener, org.springframework.boot.test.mock.mockito.ResetMocksTestExecutionListener, org.springframework.boot.test.autoconfigure.restdocs.RestDocsTestExecutionListener, org.springframework.boot.test.autoconfigure.web.client.MockRestServiceServerResetTestExecutionListener, org.springframework.boot.test.autoconfigure.web.servlet.MockMvcPrintOnlyOnFailureTestExecutionListener, org.springframework.boot.test.autoconfigure.web.servlet.WebDriverTestExecutionListener, org.springframework.boot.test.autoconfigure.webservices.client.MockWebServiceServerTestExecutionListener, org.springframework.test.context.web.ServletTestExecutionListener, org.springframework.test.context.support.DirtiesContextBeforeModesTestExecutionListener, org.springframework.test.context.support.DependencyInjectionTestExecutionListener, org.springframework.test.context.support.DirtiesContextTestExecutionListener, org.springframework.test.context.transaction.TransactionalTestExecutionListener, org.springframework.test.context.jdbc.SqlScriptsTestExecutionListener, org.springframework.test.context.event.EventPublishingTestExecutionListener]
2023-08-03 14:45:21 [main] INFO  o.s.b.t.c.SpringBootTestContextBootstrapper - Using TestExecutionListeners: [org.springframework.test.context.support.DirtiesContextBeforeModesTestExecutionListener@64df9a61, org.springframework.boot.test.mock.mockito.MockitoTestExecutionListener@77602954, org.springframework.boot.test.autoconfigure.SpringBootDependencyInjectionTestExecutionListener@e260766, org.springframework.test.context.support.DirtiesContextTestExecutionListener@2c3dec30, org.springframework.test.context.event.EventPublishingTestExecutionListener@34a97744, org.springframework.boot.test.mock.mockito.ResetMocksTestExecutionListener@4275c20c, org.springframework.boot.test.autoconfigure.restdocs.RestDocsTestExecutionListener@7c56e013, org.springframework.boot.test.autoconfigure.web.client.MockRestServiceServerResetTestExecutionListener@3fc9dfc5, org.springframework.boot.test.autoconfigure.web.servlet.MockMvcPrintOnlyOnFailureTestExecutionListener@40258c2f, org.springframework.boot.test.autoconfigure.web.servlet.WebDriverTestExecutionListener@2cac4385, org.springframework.boot.test.autoconfigure.webservices.client.MockWebServiceServerTestExecutionListener@6731787b]
2023-08-03 14:45:21 [main] WARN  o.s.b.t.j.DuplicateJsonObjectContextCustomizerFactory$DuplicateJsonObjectContextCustomizer - 

Found multiple occurrences of org.json.JSONObject on the class path:

	jar:file:/C:/Users/Sankalp/.m2/repository/com/vaadin/external/google/android-json/0.0.20131108.vaadin1/android-json-0.0.20131108.vaadin1.jar!/org/json/JSONObject.class
	jar:file:/C:/Users/Sankalp/.m2/repository/org/json/json/20220320/json-20220320.jar!/org/json/JSONObject.class

You may wish to exclude one of them to ensure predictable runtime behavior

2023-08-03 14:45:21 [main] INFO  c.m.d.t.s.TwitterToKafkaApplicationTest - Starting TwitterToKafkaApplicationTest on DESKTOP-S8N9NUL with PID 6452 (started by Sankalp in E:\Spring\Microservices-demo\twitter-tokafka-service)
2023-08-03 14:45:21 [main] INFO  c.m.d.t.s.TwitterToKafkaApplicationTest - No active profile set, falling back to default profiles: default
2023-08-03 14:45:21 [main] INFO  c.m.d.t.s.TwitterToKafkaApplicationTest - Started TwitterToKafkaApplicationTest in 0.579 seconds (JVM running for 1.4)
2023-08-03 14:45:21 [main] INFO  c.m.d.t.s.TwitterToKafkaServiceApplication - App started
2023-08-03 14:45:21 [main] INFO  c.m.d.t.s.TwitterToKafkaServiceApplication - [Java, Microservices, Kafka, Elasticsearch]
2023-08-03 14:45:21 [main] INFO  c.m.d.t.s.TwitterToKafkaServiceApplication - Hello microservices!
2023-08-03 14:45:21 [main] INFO  c.m.d.t.s.impl.MockKafkaStreamRunner - Starting mock filtering tweeter streams for the keywords: [Java, Microservices, Kafka, Elasticsearch]
2023-08-03 14:45:21 [pool-1-thread-1] INFO  c.m.d.t.s.l.TwitterToKafkaStatusListener - Twitter status: pulvinar Fusce Maecenas elit amet ipsum porttitor consectetuer Elasticsearch porttitor lectus lectus ultricies adipiscing malesuada ultricies
2023-08-03 14:51:41 [main] INFO  o.s.b.t.c.SpringBootTestContextBootstrapper - Neither @ContextConfiguration nor @ContextHierarchy found for test class [com.microservices.demo.twittertokafka.service.TwitterToKafkaApplicationTest], using SpringBootContextLoader
2023-08-03 14:51:41 [main] INFO  o.s.t.c.s.AbstractContextLoader - Could not detect default resource locations for test class [com.microservices.demo.twittertokafka.service.TwitterToKafkaApplicationTest]: no resource found for suffixes {-context.xml, Context.groovy}.
2023-08-03 14:51:41 [main] INFO  o.s.t.c.s.AnnotationConfigContextLoaderUtils - Could not detect default configuration classes for test class [com.microservices.demo.twittertokafka.service.TwitterToKafkaApplicationTest]: TwitterToKafkaApplicationTest does not declare any static, non-private, non-final, nested classes annotated with @Configuration.
2023-08-03 14:51:42 [main] INFO  o.s.b.t.c.SpringBootTestContextBootstrapper - Found @SpringBootConfiguration com.microservices.demo.twittertokafka.service.TwitterToKafkaServiceApplication for test class com.microservices.demo.twittertokafka.service.TwitterToKafkaApplicationTest
2023-08-03 14:51:42 [main] INFO  o.s.b.t.c.SpringBootTestContextBootstrapper - Loaded default TestExecutionListener class names from location [META-INF/spring.factories]: [org.springframework.boot.test.mock.mockito.MockitoTestExecutionListener, org.springframework.boot.test.mock.mockito.ResetMocksTestExecutionListener, org.springframework.boot.test.autoconfigure.restdocs.RestDocsTestExecutionListener, org.springframework.boot.test.autoconfigure.web.client.MockRestServiceServerResetTestExecutionListener, org.springframework.boot.test.autoconfigure.web.servlet.MockMvcPrintOnlyOnFailureTestExecutionListener, org.springframework.boot.test.autoconfigure.web.servlet.WebDriverTestExecutionListener, org.springframework.boot.test.autoconfigure.webservices.client.MockWebServiceServerTestExecutionListener, org.springframework.test.context.web.ServletTestExecutionListener, org.springframework.test.context.support.DirtiesContextBeforeModesTestExecutionListener, org.springframework.test.context.support.DependencyInjectionTestExecutionListener, org.springframework.test.context.support.DirtiesContextTestExecutionListener, org.springframework.test.context.transaction.TransactionalTestExecutionListener, org.springframework.test.context.jdbc.SqlScriptsTestExecutionListener, org.springframework.test.context.event.EventPublishingTestExecutionListener]
2023-08-03 14:51:42 [main] INFO  o.s.b.t.c.SpringBootTestContextBootstrapper - Using TestExecutionListeners: [org.springframework.test.context.support.DirtiesContextBeforeModesTestExecutionListener@64df9a61, org.springframework.boot.test.mock.mockito.MockitoTestExecutionListener@77602954, org.springframework.boot.test.autoconfigure.SpringBootDependencyInjectionTestExecutionListener@e260766, org.springframework.test.context.support.DirtiesContextTestExecutionListener@2c3dec30, org.springframework.test.context.event.EventPublishingTestExecutionListener@34a97744, org.springframework.boot.test.mock.mockito.ResetMocksTestExecutionListener@4275c20c, org.springframework.boot.test.autoconfigure.restdocs.RestDocsTestExecutionListener@7c56e013, org.springframework.boot.test.autoconfigure.web.client.MockRestServiceServerResetTestExecutionListener@3fc9dfc5, org.springframework.boot.test.autoconfigure.web.servlet.MockMvcPrintOnlyOnFailureTestExecutionListener@40258c2f, org.springframework.boot.test.autoconfigure.web.servlet.WebDriverTestExecutionListener@2cac4385, org.springframework.boot.test.autoconfigure.webservices.client.MockWebServiceServerTestExecutionListener@6731787b]
2023-08-03 14:51:42 [main] WARN  o.s.b.t.j.DuplicateJsonObjectContextCustomizerFactory$DuplicateJsonObjectContextCustomizer - 

Found multiple occurrences of org.json.JSONObject on the class path:

	jar:file:/C:/Users/Sankalp/.m2/repository/com/vaadin/external/google/android-json/0.0.20131108.vaadin1/android-json-0.0.20131108.vaadin1.jar!/org/json/JSONObject.class
	jar:file:/C:/Users/Sankalp/.m2/repository/org/json/json/20220320/json-20220320.jar!/org/json/JSONObject.class

You may wish to exclude one of them to ensure predictable runtime behavior

2023-08-03 14:51:42 [main] INFO  c.m.d.t.s.TwitterToKafkaApplicationTest - Starting TwitterToKafkaApplicationTest on DESKTOP-S8N9NUL with PID 17488 (started by Sankalp in E:\Spring\Microservices-demo\twitter-tokafka-service)
2023-08-03 14:51:42 [main] INFO  c.m.d.t.s.TwitterToKafkaApplicationTest - No active profile set, falling back to default profiles: default
2023-08-03 14:51:42 [main] INFO  c.m.d.t.s.TwitterToKafkaApplicationTest - Started TwitterToKafkaApplicationTest in 0.574 seconds (JVM running for 1.409)
2023-08-03 14:51:42 [main] INFO  c.m.d.t.s.TwitterToKafkaServiceApplication - App started
2023-08-03 14:51:42 [main] INFO  c.m.d.t.s.TwitterToKafkaServiceApplication - [Java, Microservices, Kafka, Elasticsearch]
2023-08-03 14:51:42 [main] INFO  c.m.d.t.s.TwitterToKafkaServiceApplication - Hello microservices!
2023-08-03 14:51:42 [main] INFO  c.m.d.t.s.impl.MockKafkaStreamRunner - Starting mock filtering tweeter streams for the keywords: [Java, Microservices, Kafka, Elasticsearch]
2023-08-03 14:51:42 [pool-1-thread-1] INFO  c.m.d.t.s.l.TwitterToKafkaStatusListener - Twitter status: consectetuer dolor sit Maecenas Maecenas congue Fusce ultricies amet Java malesuada pulvinar massa lectus purus lectus Fusce malesuada
2023-08-03 14:54:45 [main] INFO  o.s.b.t.c.SpringBootTestContextBootstrapper - Neither @ContextConfiguration nor @ContextHierarchy found for test class [com.microservices.demo.twittertokafka.service.TwitterToKafkaApplicationTest], using SpringBootContextLoader
2023-08-03 14:54:45 [main] INFO  o.s.t.c.s.AbstractContextLoader - Could not detect default resource locations for test class [com.microservices.demo.twittertokafka.service.TwitterToKafkaApplicationTest]: no resource found for suffixes {-context.xml, Context.groovy}.
2023-08-03 14:54:45 [main] INFO  o.s.t.c.s.AnnotationConfigContextLoaderUtils - Could not detect default configuration classes for test class [com.microservices.demo.twittertokafka.service.TwitterToKafkaApplicationTest]: TwitterToKafkaApplicationTest does not declare any static, non-private, non-final, nested classes annotated with @Configuration.
2023-08-03 14:54:45 [main] INFO  o.s.b.t.c.SpringBootTestContextBootstrapper - Found @SpringBootConfiguration com.microservices.demo.twittertokafka.service.TwitterToKafkaServiceApplication for test class com.microservices.demo.twittertokafka.service.TwitterToKafkaApplicationTest
2023-08-03 14:54:45 [main] INFO  o.s.b.t.c.SpringBootTestContextBootstrapper - Loaded default TestExecutionListener class names from location [META-INF/spring.factories]: [org.springframework.boot.test.mock.mockito.MockitoTestExecutionListener, org.springframework.boot.test.mock.mockito.ResetMocksTestExecutionListener, org.springframework.boot.test.autoconfigure.restdocs.RestDocsTestExecutionListener, org.springframework.boot.test.autoconfigure.web.client.MockRestServiceServerResetTestExecutionListener, org.springframework.boot.test.autoconfigure.web.servlet.MockMvcPrintOnlyOnFailureTestExecutionListener, org.springframework.boot.test.autoconfigure.web.servlet.WebDriverTestExecutionListener, org.springframework.boot.test.autoconfigure.webservices.client.MockWebServiceServerTestExecutionListener, org.springframework.test.context.web.ServletTestExecutionListener, org.springframework.test.context.support.DirtiesContextBeforeModesTestExecutionListener, org.springframework.test.context.support.DependencyInjectionTestExecutionListener, org.springframework.test.context.support.DirtiesContextTestExecutionListener, org.springframework.test.context.transaction.TransactionalTestExecutionListener, org.springframework.test.context.jdbc.SqlScriptsTestExecutionListener, org.springframework.test.context.event.EventPublishingTestExecutionListener]
2023-08-03 14:54:45 [main] INFO  o.s.b.t.c.SpringBootTestContextBootstrapper - Using TestExecutionListeners: [org.springframework.test.context.support.DirtiesContextBeforeModesTestExecutionListener@64df9a61, org.springframework.boot.test.mock.mockito.MockitoTestExecutionListener@77602954, org.springframework.boot.test.autoconfigure.SpringBootDependencyInjectionTestExecutionListener@e260766, org.springframework.test.context.support.DirtiesContextTestExecutionListener@2c3dec30, org.springframework.test.context.event.EventPublishingTestExecutionListener@34a97744, org.springframework.boot.test.mock.mockito.ResetMocksTestExecutionListener@4275c20c, org.springframework.boot.test.autoconfigure.restdocs.RestDocsTestExecutionListener@7c56e013, org.springframework.boot.test.autoconfigure.web.client.MockRestServiceServerResetTestExecutionListener@3fc9dfc5, org.springframework.boot.test.autoconfigure.web.servlet.MockMvcPrintOnlyOnFailureTestExecutionListener@40258c2f, org.springframework.boot.test.autoconfigure.web.servlet.WebDriverTestExecutionListener@2cac4385, org.springframework.boot.test.autoconfigure.webservices.client.MockWebServiceServerTestExecutionListener@6731787b]
2023-08-03 14:54:45 [main] WARN  o.s.b.t.j.DuplicateJsonObjectContextCustomizerFactory$DuplicateJsonObjectContextCustomizer - 

Found multiple occurrences of org.json.JSONObject on the class path:

	jar:file:/C:/Users/Sankalp/.m2/repository/com/vaadin/external/google/android-json/0.0.20131108.vaadin1/android-json-0.0.20131108.vaadin1.jar!/org/json/JSONObject.class
	jar:file:/C:/Users/Sankalp/.m2/repository/org/json/json/20220320/json-20220320.jar!/org/json/JSONObject.class

You may wish to exclude one of them to ensure predictable runtime behavior

2023-08-03 14:54:46 [main] INFO  c.m.d.t.s.TwitterToKafkaApplicationTest - Starting TwitterToKafkaApplicationTest on DESKTOP-S8N9NUL with PID 6376 (started by Sankalp in E:\Spring\Microservices-demo\twitter-tokafka-service)
2023-08-03 14:54:46 [main] INFO  c.m.d.t.s.TwitterToKafkaApplicationTest - No active profile set, falling back to default profiles: default
2023-08-03 14:54:46 [main] INFO  c.m.d.t.s.TwitterToKafkaApplicationTest - Started TwitterToKafkaApplicationTest in 0.58 seconds (JVM running for 1.402)
2023-08-03 14:54:46 [main] INFO  c.m.d.t.s.TwitterToKafkaServiceApplication - App started
2023-08-03 14:54:46 [main] INFO  c.m.d.t.s.TwitterToKafkaServiceApplication - [Java, Microservices, Kafka, Elasticsearch]
2023-08-03 14:54:46 [main] INFO  c.m.d.t.s.TwitterToKafkaServiceApplication - Hello microservices!
2023-08-03 14:54:46 [main] INFO  c.m.d.t.s.impl.MockKafkaStreamRunner - Starting mock filtering tweeter streams for the keywords: [Java, Microservices, Kafka, Elasticsearch]
2023-08-03 14:54:46 [pool-1-thread-1] INFO  c.m.d.t.s.l.TwitterToKafkaStatusListener - Twitter status: magna Fusce posuere ipsum pulvinar massa adipiscing purus Elasticsearch Maecenas ipsum magna purus Lorem purus
2023-08-03 15:45:14 [main] INFO  c.m.d.t.s.TwitterToKafkaServiceApplication - Starting TwitterToKafkaServiceApplication on DESKTOP-S8N9NUL with PID 4508 (E:\Spring\Microservices-demo\twitter-tokafka-service\target\classes started by Sankalp in E:\Spring\Microservices-demo\twitter-tokafka-service)
2023-08-03 15:45:14 [main] INFO  c.m.d.t.s.TwitterToKafkaServiceApplication - No active profile set, falling back to default profiles: default
2023-08-03 15:45:14 [main] INFO  c.m.d.t.s.TwitterToKafkaServiceApplication - Started TwitterToKafkaServiceApplication in 0.687 seconds (JVM running for 1.111)
2023-08-03 15:45:14 [main] INFO  c.m.d.t.s.TwitterToKafkaServiceApplication - App started
2023-08-03 15:45:14 [main] INFO  c.m.d.t.s.TwitterToKafkaServiceApplication - [Java, Microservices, Kafka, Elasticsearch]
2023-08-03 15:45:14 [main] INFO  c.m.d.t.s.TwitterToKafkaServiceApplication - Hello microservices!
2023-08-03 15:45:14 [main] INFO  c.m.d.t.s.impl.MockKafkaStreamRunner - Starting mock filtering tweeter streams for the keywords: [Java, Microservices, Kafka, Elasticsearch]
2023-08-03 15:45:14 [pool-1-thread-1] INFO  c.m.d.t.s.l.TwitterToKafkaStatusListener - Twitter status: adipiscing Fusce adipiscing Maecenas Lorem purus ultricies Microservices sit Lorem posuere dolor libero posuere
2023-08-03 15:45:15 [pool-1-thread-1] INFO  c.m.d.t.s.l.TwitterToKafkaStatusListener - Twitter status: pulvinar posuere congue massa pulvinar elit adipiscing Lorem ipsum Microservices dolor sed massa ultricies elit malesuada posuere ultricies
2023-08-03 15:45:16 [pool-1-thread-1] INFO  c.m.d.t.s.l.TwitterToKafkaStatusListener - Twitter status: ipsum pulvinar dolor adipiscing dolor consectetuer Kafka adipiscing Maecenas lectus purus magna
2023-08-03 15:45:17 [pool-1-thread-1] INFO  c.m.d.t.s.l.TwitterToKafkaStatusListener - Twitter status: massa Lorem ultricies posuere consectetuer massa posuere Java amet purus congue amet sit dolor
2023-08-03 15:45:18 [pool-1-thread-1] INFO  c.m.d.t.s.l.TwitterToKafkaStatusListener - Twitter status: ultricies congue ultricies lectus sed dolor adipiscing sed elit Elasticsearch Fusce posuere adipiscing magna libero purus sed sed
