2023-08-21 16:39:16 [main] INFO  o.s.c.c.c.ConfigServicePropertySourceLocator - Fetching config from server at : http://localhost:8888
2023-08-21 16:39:17 [main] INFO  o.s.c.c.c.ConfigServicePropertySourceLocator - Located environment: name=twitter-tokafka-service,config-client, profiles=[twitter_tokafka], label=null, version=7937a05ae0019b0a92d0b00342928aa975fd3dc4, state=null
2023-08-21 16:39:17 [main] INFO  o.s.c.b.c.PropertySourceBootstrapConfiguration - Located property source: [BootstrapPropertySource {name='bootstrapProperties-configClient'}, BootstrapPropertySource {name='bootstrapProperties-https://github.com/SankalpBoradkar1995/spring-cloud-config-server-repository/config-client-twitter_tokafka.yml'}, BootstrapPropertySource {name='bootstrapProperties-https://github.com/SankalpBoradkar1995/spring-cloud-config-server-repository/config-client.yml'}]
2023-08-21 16:39:17 [main] INFO  c.m.d.t.s.TwitterToKafkaServiceApplication - The following profiles are active: twitter_tokafka
2023-08-21 16:39:18 [main] INFO  o.s.cloud.context.scope.GenericScope - BeanFactory id=85dfbe5c-4316-3180-a11c-5e6ba6b769f2
2023-08-21 16:39:18 [main] INFO  o.s.c.s.PostProcessorRegistrationDelegate$BeanPostProcessorChecker - Bean 'org.springframework.retry.annotation.RetryConfiguration' of type [org.springframework.retry.annotation.RetryConfiguration$$EnhancerBySpringCGLIB$$efe9eab4] is not eligible for getting processed by all BeanPostProcessors (for example: not eligible for auto-proxying)
2023-08-21 16:39:18 [main] INFO  o.a.k.c.admin.AdminClientConfig - AdminClientConfig values: 
	bootstrap.servers = [localhost:19092, localhost:29092, localhost:39092]
	client.dns.lookup = default
	client.id = 
	connections.max.idle.ms = 300000
	default.api.timeout.ms = 60000
	metadata.max.age.ms = 300000
	metric.reporters = []
	metrics.num.samples = 2
	metrics.recording.level = INFO
	metrics.sample.window.ms = 30000
	receive.buffer.bytes = 65536
	reconnect.backoff.max.ms = 1000
	reconnect.backoff.ms = 50
	request.timeout.ms = 30000
	retries = 2147483647
	retry.backoff.ms = 100
	sasl.client.callback.handler.class = null
	sasl.jaas.config = null
	sasl.kerberos.kinit.cmd = /usr/bin/kinit
	sasl.kerberos.min.time.before.relogin = 60000
	sasl.kerberos.service.name = null
	sasl.kerberos.ticket.renew.jitter = 0.05
	sasl.kerberos.ticket.renew.window.factor = 0.8
	sasl.login.callback.handler.class = null
	sasl.login.class = null
	sasl.login.refresh.buffer.seconds = 300
	sasl.login.refresh.min.period.seconds = 60
	sasl.login.refresh.window.factor = 0.8
	sasl.login.refresh.window.jitter = 0.05
	sasl.mechanism = GSSAPI
	security.protocol = PLAINTEXT
	security.providers = null
	send.buffer.bytes = 131072
	ssl.cipher.suites = null
	ssl.enabled.protocols = [TLSv1.2]
	ssl.endpoint.identification.algorithm = https
	ssl.key.password = null
	ssl.keymanager.algorithm = SunX509
	ssl.keystore.location = null
	ssl.keystore.password = null
	ssl.keystore.type = JKS
	ssl.protocol = TLSv1.2
	ssl.provider = null
	ssl.secure.random.implementation = null
	ssl.trustmanager.algorithm = PKIX
	ssl.truststore.location = null
	ssl.truststore.password = null
	ssl.truststore.type = JKS

2023-08-21 16:39:18 [main] INFO  o.a.kafka.common.utils.AppInfoParser - Kafka version: 2.5.1
2023-08-21 16:39:18 [main] INFO  o.a.kafka.common.utils.AppInfoParser - Kafka commitId: 0efa8fb0f4c73d92
2023-08-21 16:39:18 [main] INFO  o.a.kafka.common.utils.AppInfoParser - Kafka startTimeMs: 1692616158828
2023-08-21 16:39:19 [main] INFO  o.s.b.w.e.netty.NettyWebServer - Netty started on port(s): 8080
2023-08-21 16:39:19 [main] INFO  c.m.d.t.s.TwitterToKafkaServiceApplication - Started TwitterToKafkaServiceApplication in 3.404 seconds (JVM running for 4.048)
2023-08-21 16:39:19 [main] INFO  c.m.d.t.s.TwitterToKafkaServiceApplication - App started
2023-08-21 16:39:19 [main] INFO  c.m.d.k.a.c.c.KafkaAdminClients - Creating 1 topics(s), attempt 0
2023-08-21 16:39:19 [main] INFO  c.m.d.k.a.c.c.KafkaAdminClients - Create topic result [KafkaFuture{value=null,exception=null,done=false}]
2023-08-21 16:39:19 [main] INFO  c.m.d.k.a.c.c.KafkaAdminClients - Reading topics, attempts[Ljava.lang.Object;@4628a02b
2023-08-21 16:39:19 [main] INFO  c.m.d.k.a.c.c.KafkaAdminClients - Topic with nametwitter-topic
2023-08-21 16:39:19 [main] INFO  c.m.d.k.a.c.c.KafkaAdminClients - Topic with name_schemas
2023-08-21 16:39:19 [main] INFO  c.m.d.k.a.c.c.KafkaAdminClients - Topic with name__confluent.support.metrics
2023-08-21 16:39:20 [main] INFO  c.m.d.t.s.i.i.KafkaStreamInitializer - Topics with the name are ready for opeartion [Ljava.lang.Object;@66234b0f
2023-08-21 16:39:20 [main] INFO  c.m.d.t.s.impl.MockKafkaStreamRunner - Starting mock filtering tweeter streams for the keywords: [Java, Microservices, Kafka, Elasticsearch]
2023-08-21 16:39:20 [pool-1-thread-1] INFO  c.m.d.t.s.l.TwitterToKafkaStatusListener - Received status text congue lectus massa Microservices sit pulvinar sending to kafka topic twitter-topic
2023-08-21 16:39:20 [pool-1-thread-1] INFO  c.m.d.k.p.c.s.i.TwitterkafkaProducer - Sending message='{"userId": 964042159869193162, "id": 2048048694676735786, "text": "congue lectus massa Microservices sit pulvinar", "createdAt": 1692616160000}' to topic='twitter-topic'
2023-08-21 16:39:20 [pool-1-thread-1] INFO  o.a.k.c.producer.ProducerConfig - ProducerConfig values: 
	acks = -1
	batch.size = 1638400
	bootstrap.servers = [localhost:19092, localhost:29092, localhost:39092]
	buffer.memory = 33554432
	client.dns.lookup = default
	client.id = producer-1
	compression.type = snappy
	connections.max.idle.ms = 540000
	delivery.timeout.ms = 120000
	enable.idempotence = false
	interceptor.classes = []
	key.serializer = class org.apache.kafka.common.serialization.LongSerializer
	linger.ms = 5
	max.block.ms = 60000
	max.in.flight.requests.per.connection = 5
	max.request.size = 1048576
	metadata.max.age.ms = 300000
	metadata.max.idle.ms = 300000
	metric.reporters = []
	metrics.num.samples = 2
	metrics.recording.level = INFO
	metrics.sample.window.ms = 30000
	partitioner.class = class org.apache.kafka.clients.producer.internals.DefaultPartitioner
	receive.buffer.bytes = 32768
	reconnect.backoff.max.ms = 1000
	reconnect.backoff.ms = 50
	request.timeout.ms = 60000
	retries = 5
	retry.backoff.ms = 100
	sasl.client.callback.handler.class = null
	sasl.jaas.config = null
	sasl.kerberos.kinit.cmd = /usr/bin/kinit
	sasl.kerberos.min.time.before.relogin = 60000
	sasl.kerberos.service.name = null
	sasl.kerberos.ticket.renew.jitter = 0.05
	sasl.kerberos.ticket.renew.window.factor = 0.8
	sasl.login.callback.handler.class = null
	sasl.login.class = null
	sasl.login.refresh.buffer.seconds = 300
	sasl.login.refresh.min.period.seconds = 60
	sasl.login.refresh.window.factor = 0.8
	sasl.login.refresh.window.jitter = 0.05
	sasl.mechanism = GSSAPI
	security.protocol = PLAINTEXT
	security.providers = null
	send.buffer.bytes = 131072
	ssl.cipher.suites = null
	ssl.enabled.protocols = [TLSv1.2]
	ssl.endpoint.identification.algorithm = https
	ssl.key.password = null
	ssl.keymanager.algorithm = SunX509
	ssl.keystore.location = null
	ssl.keystore.password = null
	ssl.keystore.type = JKS
	ssl.protocol = TLSv1.2
	ssl.provider = null
	ssl.secure.random.implementation = null
	ssl.trustmanager.algorithm = PKIX
	ssl.truststore.location = null
	ssl.truststore.password = null
	ssl.truststore.type = JKS
	transaction.timeout.ms = 60000
	transactional.id = null
	value.serializer = class io.confluent.kafka.serializers.KafkaAvroSerializer

2023-08-21 16:39:20 [pool-1-thread-1] INFO  i.c.k.s.KafkaAvroSerializerConfig - KafkaAvroSerializerConfig values: 
	bearer.auth.token = [hidden]
	proxy.port = -1
	schema.reflection = false
	auto.register.schemas = true
	max.schemas.per.subject = 1000
	basic.auth.credentials.source = URL
	value.subject.name.strategy = class io.confluent.kafka.serializers.subject.TopicNameStrategy
	schema.registry.url = [http://localhost:8081]
	basic.auth.user.info = [hidden]
	proxy.host = 
	use.latest.version = false
	schema.registry.basic.auth.user.info = [hidden]
	bearer.auth.credentials.source = STATIC_TOKEN
	key.subject.name.strategy = class io.confluent.kafka.serializers.subject.TopicNameStrategy

2023-08-21 16:39:20 [pool-1-thread-1] WARN  o.a.k.c.producer.ProducerConfig - The configuration 'internal.auto.downgrade.txn.commit' was supplied but isn't a known config.
2023-08-21 16:39:20 [pool-1-thread-1] INFO  o.a.kafka.common.utils.AppInfoParser - Kafka version: 2.5.1
2023-08-21 16:39:20 [pool-1-thread-1] INFO  o.a.kafka.common.utils.AppInfoParser - Kafka commitId: 0efa8fb0f4c73d92
2023-08-21 16:39:20 [pool-1-thread-1] INFO  o.a.kafka.common.utils.AppInfoParser - Kafka startTimeMs: 1692616160329
2023-08-21 16:39:20 [kafka-producer-network-thread | producer-1] INFO  org.apache.kafka.clients.Metadata - [Producer clientId=producer-1] Cluster ID: zMSvgEHLQSea44WLWSdHfg
2023-08-21 16:39:21 [pool-1-thread-1] INFO  c.m.d.t.s.l.TwitterToKafkaStatusListener - Received status text magna Lorem purus ultricies ipsum Fusce congue pulvinar libero Microservices porttitor consectetuer dolor amet porttitor elit congue malesuada sending to kafka topic twitter-topic
2023-08-21 16:39:21 [pool-1-thread-1] INFO  c.m.d.k.p.c.s.i.TwitterkafkaProducer - Sending message='{"userId": 7035080896052053990, "id": 6098078727832213506, "text": "magna Lorem purus ultricies ipsum Fusce congue pulvinar libero Microservices porttitor consectetuer dolor amet porttitor elit congue malesuada", "createdAt": 1692616161000}' to topic='twitter-topic'
2023-08-21 16:39:22 [pool-1-thread-1] INFO  c.m.d.t.s.l.TwitterToKafkaStatusListener - Received status text congue purus dolor Java amet Fusce sending to kafka topic twitter-topic
2023-08-21 16:39:22 [pool-1-thread-1] INFO  c.m.d.k.p.c.s.i.TwitterkafkaProducer - Sending message='{"userId": 2095550665009197008, "id": 6273352495092526446, "text": "congue purus dolor Java amet Fusce", "createdAt": 1692616162000}' to topic='twitter-topic'
2023-08-21 16:39:23 [pool-1-thread-1] INFO  c.m.d.t.s.l.TwitterToKafkaStatusListener - Received status text amet ultricies sit congue Java pulvinar Maecenas sending to kafka topic twitter-topic
2023-08-21 16:39:23 [pool-1-thread-1] INFO  c.m.d.k.p.c.s.i.TwitterkafkaProducer - Sending message='{"userId": 3080371828836860006, "id": 6121042240864969903, "text": "amet ultricies sit congue Java pulvinar Maecenas", "createdAt": 1692616163000}' to topic='twitter-topic'
2023-08-21 16:39:24 [pool-1-thread-1] INFO  c.m.d.t.s.l.TwitterToKafkaStatusListener - Received status text elit posuere elit Maecenas posuere Fusce adipiscing Microservices malesuada magna massa consectetuer sit sending to kafka topic twitter-topic
2023-08-21 16:39:24 [pool-1-thread-1] INFO  c.m.d.k.p.c.s.i.TwitterkafkaProducer - Sending message='{"userId": 2193762304251800871, "id": 8974173436235732854, "text": "elit posuere elit Maecenas posuere Fusce adipiscing Microservices malesuada magna massa consectetuer sit", "createdAt": 1692616164000}' to topic='twitter-topic'
2023-08-21 16:39:25 [pool-1-thread-1] INFO  c.m.d.t.s.l.TwitterToKafkaStatusListener - Received status text elit libero dolor sed elit congue Maecenas Kafka elit libero sit sit ultricies purus sending to kafka topic twitter-topic
2023-08-21 16:39:25 [pool-1-thread-1] INFO  c.m.d.k.p.c.s.i.TwitterkafkaProducer - Sending message='{"userId": 7002649911663584940, "id": 9088580792048912616, "text": "elit libero dolor sed elit congue Maecenas Kafka elit libero sit sit ultricies purus", "createdAt": 1692616165000}' to topic='twitter-topic'
2023-08-21 16:39:26 [pool-1-thread-1] INFO  c.m.d.t.s.l.TwitterToKafkaStatusListener - Received status text malesuada posuere Lorem elit Fusce sit Java dolor ipsum amet libero sending to kafka topic twitter-topic
2023-08-21 16:39:26 [pool-1-thread-1] INFO  c.m.d.k.p.c.s.i.TwitterkafkaProducer - Sending message='{"userId": 1473190657693395456, "id": 4593738627936148245, "text": "malesuada posuere Lorem elit Fusce sit Java dolor ipsum amet libero", "createdAt": 1692616166000}' to topic='twitter-topic'
2023-08-21 16:39:27 [pool-1-thread-1] INFO  c.m.d.t.s.l.TwitterToKafkaStatusListener - Received status text elit purus Fusce Maecenas Kafka sed malesuada sending to kafka topic twitter-topic
2023-08-21 16:39:27 [pool-1-thread-1] INFO  c.m.d.k.p.c.s.i.TwitterkafkaProducer - Sending message='{"userId": 4524434375471744217, "id": 3519733771137245509, "text": "elit purus Fusce Maecenas Kafka sed malesuada", "createdAt": 1692616167000}' to topic='twitter-topic'
2023-08-21 16:39:28 [pool-1-thread-1] INFO  c.m.d.t.s.l.TwitterToKafkaStatusListener - Received status text pulvinar amet sit magna sed Microservices libero elit Maecenas sending to kafka topic twitter-topic
2023-08-21 16:39:28 [pool-1-thread-1] INFO  c.m.d.k.p.c.s.i.TwitterkafkaProducer - Sending message='{"userId": 4858072534036959952, "id": 1412157200896655918, "text": "pulvinar amet sit magna sed Microservices libero elit Maecenas", "createdAt": 1692616168000}' to topic='twitter-topic'
2023-08-21 16:39:29 [pool-1-thread-1] INFO  c.m.d.t.s.l.TwitterToKafkaStatusListener - Received status text magna ipsum sed porttitor congue Elasticsearch porttitor sit congue sending to kafka topic twitter-topic
2023-08-21 16:39:29 [pool-1-thread-1] INFO  c.m.d.k.p.c.s.i.TwitterkafkaProducer - Sending message='{"userId": 6801470052024984564, "id": 8445987970278236842, "text": "magna ipsum sed porttitor congue Elasticsearch porttitor sit congue", "createdAt": 1692616169000}' to topic='twitter-topic'
2023-08-21 16:39:30 [pool-1-thread-1] INFO  c.m.d.t.s.l.TwitterToKafkaStatusListener - Received status text congue Fusce consectetuer magna magna adipiscing sit Fusce massa Maecenas Elasticsearch amet porttitor ultricies elit libero ipsum posuere Maecenas ipsum sending to kafka topic twitter-topic
2023-08-21 16:39:30 [pool-1-thread-1] INFO  c.m.d.k.p.c.s.i.TwitterkafkaProducer - Sending message='{"userId": 6167272878833774234, "id": 8938019320149092860, "text": "congue Fusce consectetuer magna magna adipiscing sit Fusce massa Maecenas Elasticsearch amet porttitor ultricies elit libero ipsum posuere Maecenas ipsum", "createdAt": 1692616170000}' to topic='twitter-topic'
2023-08-21 16:39:31 [pool-1-thread-1] INFO  c.m.d.t.s.l.TwitterToKafkaStatusListener - Received status text pulvinar libero Fusce consectetuer malesuada lectus massa Kafka amet massa sed ultricies libero amet sending to kafka topic twitter-topic
2023-08-21 16:39:31 [pool-1-thread-1] INFO  c.m.d.k.p.c.s.i.TwitterkafkaProducer - Sending message='{"userId": 6807523975577922440, "id": 8273033655944017142, "text": "pulvinar libero Fusce consectetuer malesuada lectus massa Kafka amet massa sed ultricies libero amet", "createdAt": 1692616171000}' to topic='twitter-topic'
2023-08-21 16:39:32 [pool-1-thread-1] INFO  c.m.d.t.s.l.TwitterToKafkaStatusListener - Received status text Fusce sed amet sit malesuada magna Lorem Java lectus lectus posuere porttitor magna sending to kafka topic twitter-topic
2023-08-21 16:39:32 [pool-1-thread-1] INFO  c.m.d.k.p.c.s.i.TwitterkafkaProducer - Sending message='{"userId": 7729155060331823494, "id": 5653147160288069832, "text": "Fusce sed amet sit malesuada magna Lorem Java lectus lectus posuere porttitor magna", "createdAt": 1692616172000}' to topic='twitter-topic'
2023-08-21 16:39:33 [RMI TCP Connection(2)-127.0.0.1] INFO  o.s.b.a.SpringApplicationAdminMXBeanRegistrar$SpringApplicationAdmin - Application shutdown requested.
2023-08-21 16:39:33 [RMI TCP Connection(2)-127.0.0.1] INFO  c.m.d.k.p.c.s.i.TwitterkafkaProducer - Closing kafka producer!
2023-08-21 16:39:33 [RMI TCP Connection(2)-127.0.0.1] INFO  o.a.k.clients.producer.KafkaProducer - [Producer clientId=producer-1] Closing the Kafka producer with timeoutMillis = 30000 ms.
2023-08-21 16:39:33 [pool-1-thread-1] INFO  c.m.d.t.s.l.TwitterToKafkaStatusListener - Received status text congue lectus massa ultricies Microservices sed amet sending to kafka topic twitter-topic
2023-08-21 16:39:33 [pool-1-thread-1] INFO  c.m.d.k.p.c.s.i.TwitterkafkaProducer - Sending message='{"userId": 4518888558580896135, "id": 5335353624258334677, "text": "congue lectus massa ultricies Microservices sed amet", "createdAt": 1692616173000}' to topic='twitter-topic'
2023-08-21 16:39:33 [pool-1-thread-1] INFO  o.a.k.c.producer.ProducerConfig - ProducerConfig values: 
	acks = -1
	batch.size = 1638400
	bootstrap.servers = [localhost:19092, localhost:29092, localhost:39092]
	buffer.memory = 33554432
	client.dns.lookup = default
	client.id = producer-2
	compression.type = snappy
	connections.max.idle.ms = 540000
	delivery.timeout.ms = 120000
	enable.idempotence = false
	interceptor.classes = []
	key.serializer = class org.apache.kafka.common.serialization.LongSerializer
	linger.ms = 5
	max.block.ms = 60000
	max.in.flight.requests.per.connection = 5
	max.request.size = 1048576
	metadata.max.age.ms = 300000
	metadata.max.idle.ms = 300000
	metric.reporters = []
	metrics.num.samples = 2
	metrics.recording.level = INFO
	metrics.sample.window.ms = 30000
	partitioner.class = class org.apache.kafka.clients.producer.internals.DefaultPartitioner
	receive.buffer.bytes = 32768
	reconnect.backoff.max.ms = 1000
	reconnect.backoff.ms = 50
	request.timeout.ms = 60000
	retries = 5
	retry.backoff.ms = 100
	sasl.client.callback.handler.class = null
	sasl.jaas.config = null
	sasl.kerberos.kinit.cmd = /usr/bin/kinit
	sasl.kerberos.min.time.before.relogin = 60000
	sasl.kerberos.service.name = null
	sasl.kerberos.ticket.renew.jitter = 0.05
	sasl.kerberos.ticket.renew.window.factor = 0.8
	sasl.login.callback.handler.class = null
	sasl.login.class = null
	sasl.login.refresh.buffer.seconds = 300
	sasl.login.refresh.min.period.seconds = 60
	sasl.login.refresh.window.factor = 0.8
	sasl.login.refresh.window.jitter = 0.05
	sasl.mechanism = GSSAPI
	security.protocol = PLAINTEXT
	security.providers = null
	send.buffer.bytes = 131072
	ssl.cipher.suites = null
	ssl.enabled.protocols = [TLSv1.2]
	ssl.endpoint.identification.algorithm = https
	ssl.key.password = null
	ssl.keymanager.algorithm = SunX509
	ssl.keystore.location = null
	ssl.keystore.password = null
	ssl.keystore.type = JKS
	ssl.protocol = TLSv1.2
	ssl.provider = null
	ssl.secure.random.implementation = null
	ssl.trustmanager.algorithm = PKIX
	ssl.truststore.location = null
	ssl.truststore.password = null
	ssl.truststore.type = JKS
	transaction.timeout.ms = 60000
	transactional.id = null
	value.serializer = class io.confluent.kafka.serializers.KafkaAvroSerializer

2023-08-21 16:39:33 [pool-1-thread-1] INFO  i.c.k.s.KafkaAvroSerializerConfig - KafkaAvroSerializerConfig values: 
	bearer.auth.token = [hidden]
	proxy.port = -1
	schema.reflection = false
	auto.register.schemas = true
	max.schemas.per.subject = 1000
	basic.auth.credentials.source = URL
	value.subject.name.strategy = class io.confluent.kafka.serializers.subject.TopicNameStrategy
	schema.registry.url = [http://localhost:8081]
	basic.auth.user.info = [hidden]
	proxy.host = 
	use.latest.version = false
	schema.registry.basic.auth.user.info = [hidden]
	bearer.auth.credentials.source = STATIC_TOKEN
	key.subject.name.strategy = class io.confluent.kafka.serializers.subject.TopicNameStrategy

2023-08-21 16:39:33 [pool-1-thread-1] WARN  o.a.k.c.producer.ProducerConfig - The configuration 'internal.auto.downgrade.txn.commit' was supplied but isn't a known config.
2023-08-21 16:39:33 [pool-1-thread-1] INFO  o.a.kafka.common.utils.AppInfoParser - Kafka version: 2.5.1
2023-08-21 16:39:33 [pool-1-thread-1] INFO  o.a.kafka.common.utils.AppInfoParser - Kafka commitId: 0efa8fb0f4c73d92
2023-08-21 16:39:33 [pool-1-thread-1] INFO  o.a.kafka.common.utils.AppInfoParser - Kafka startTimeMs: 1692616173828
2023-08-21 16:39:33 [kafka-producer-network-thread | producer-2] INFO  org.apache.kafka.clients.Metadata - [Producer clientId=producer-2] Cluster ID: zMSvgEHLQSea44WLWSdHfg
2023-08-21 16:39:34 [pool-1-thread-1] INFO  c.m.d.t.s.l.TwitterToKafkaStatusListener - Received status text pulvinar magna malesuada Lorem malesuada libero Microservices lectus adipiscing malesuada pulvinar Maecenas sending to kafka topic twitter-topic
2023-08-21 16:39:34 [pool-1-thread-1] INFO  c.m.d.k.p.c.s.i.TwitterkafkaProducer - Sending message='{"userId": 6037877182719331143, "id": 6643931221593321355, "text": "pulvinar magna malesuada Lorem malesuada libero Microservices lectus adipiscing malesuada pulvinar Maecenas", "createdAt": 1692616174000}' to topic='twitter-topic'
2023-08-21 16:39:35 [pool-1-thread-1] INFO  c.m.d.t.s.l.TwitterToKafkaStatusListener - Received status text purus consectetuer ultricies porttitor magna ipsum massa libero Microservices consectetuer lectus Fusce libero purus consectetuer sending to kafka topic twitter-topic
2023-08-21 16:39:35 [pool-1-thread-1] INFO  c.m.d.k.p.c.s.i.TwitterkafkaProducer - Sending message='{"userId": 5119546875450133227, "id": 8128639744216140215, "text": "purus consectetuer ultricies porttitor magna ipsum massa libero Microservices consectetuer lectus Fusce libero purus consectetuer", "createdAt": 1692616175000}' to topic='twitter-topic'
2023-08-21 16:39:36 [pool-1-thread-1] INFO  c.m.d.t.s.l.TwitterToKafkaStatusListener - Received status text ipsum pulvinar massa porttitor libero massa congue Kafka sit magna magna Lorem congue sending to kafka topic twitter-topic
2023-08-21 16:39:36 [pool-1-thread-1] INFO  c.m.d.k.p.c.s.i.TwitterkafkaProducer - Sending message='{"userId": 9164581524609136230, "id": 2069438787346858619, "text": "ipsum pulvinar massa porttitor libero massa congue Kafka sit magna magna Lorem congue", "createdAt": 1692616176000}' to topic='twitter-topic'
2023-08-21 16:39:37 [pool-1-thread-1] INFO  c.m.d.t.s.l.TwitterToKafkaStatusListener - Received status text lectus Fusce libero amet sit lectus sit Fusce lectus elit Kafka Maecenas sit consectetuer pulvinar Fusce massa lectus consectetuer magna sending to kafka topic twitter-topic
2023-08-21 16:39:37 [pool-1-thread-1] INFO  c.m.d.k.p.c.s.i.TwitterkafkaProducer - Sending message='{"userId": 254826901985261120, "id": 367672974577440697, "text": "lectus Fusce libero amet sit lectus sit Fusce lectus elit Kafka Maecenas sit consectetuer pulvinar Fusce massa lectus consectetuer magna", "createdAt": 1692616177000}' to topic='twitter-topic'
2023-08-21 16:39:38 [pool-1-thread-1] INFO  c.m.d.t.s.l.TwitterToKafkaStatusListener - Received status text magna Fusce sit amet pulvinar malesuada massa Fusce pulvinar elit Java congue sit ipsum massa porttitor porttitor sed purus sending to kafka topic twitter-topic
2023-08-21 16:39:38 [pool-1-thread-1] INFO  c.m.d.k.p.c.s.i.TwitterkafkaProducer - Sending message='{"userId": 1511402246233329960, "id": 8990196656828759128, "text": "magna Fusce sit amet pulvinar malesuada massa Fusce pulvinar elit Java congue sit ipsum massa porttitor porttitor sed purus", "createdAt": 1692616178000}' to topic='twitter-topic'
2023-08-21 16:39:39 [pool-1-thread-1] INFO  c.m.d.t.s.l.TwitterToKafkaStatusListener - Received status text amet consectetuer consectetuer elit Elasticsearch libero ultricies sending to kafka topic twitter-topic
2023-08-21 16:39:39 [pool-1-thread-1] INFO  c.m.d.k.p.c.s.i.TwitterkafkaProducer - Sending message='{"userId": 4044776589832095772, "id": 3099718577019332351, "text": "amet consectetuer consectetuer elit Elasticsearch libero ultricies", "createdAt": 1692616179000}' to topic='twitter-topic'
2023-08-21 16:39:40 [pool-1-thread-1] INFO  c.m.d.t.s.l.TwitterToKafkaStatusListener - Received status text malesuada massa ipsum Lorem pulvinar elit porttitor sed Java purus lectus massa amet congue lectus Maecenas sending to kafka topic twitter-topic
2023-08-21 16:39:40 [pool-1-thread-1] INFO  c.m.d.k.p.c.s.i.TwitterkafkaProducer - Sending message='{"userId": 1650963536891010092, "id": 7763077083140570327, "text": "malesuada massa ipsum Lorem pulvinar elit porttitor sed Java purus lectus massa amet congue lectus Maecenas", "createdAt": 1692616180000}' to topic='twitter-topic'
2023-08-21 16:39:41 [pool-1-thread-1] INFO  c.m.d.t.s.l.TwitterToKafkaStatusListener - Received status text ipsum congue lectus Lorem Java adipiscing congue sending to kafka topic twitter-topic
2023-08-21 16:39:41 [pool-1-thread-1] INFO  c.m.d.k.p.c.s.i.TwitterkafkaProducer - Sending message='{"userId": 1691207956493604064, "id": 4841592452212529668, "text": "ipsum congue lectus Lorem Java adipiscing congue", "createdAt": 1692616181000}' to topic='twitter-topic'
2023-08-21 16:39:42 [pool-1-thread-1] INFO  c.m.d.t.s.l.TwitterToKafkaStatusListener - Received status text dolor dolor dolor massa ultricies Microservices elit posuere elit amet sending to kafka topic twitter-topic
2023-08-21 16:39:42 [pool-1-thread-1] INFO  c.m.d.k.p.c.s.i.TwitterkafkaProducer - Sending message='{"userId": 1346091330992477763, "id": 4311901895386920458, "text": "dolor dolor dolor massa ultricies Microservices elit posuere elit amet", "createdAt": 1692616182000}' to topic='twitter-topic'
2023-08-21 16:39:43 [pool-1-thread-1] INFO  c.m.d.t.s.l.TwitterToKafkaStatusListener - Received status text sed posuere Maecenas Fusce ultricies porttitor porttitor amet ipsum adipiscing malesuada Kafka congue sed ultricies adipiscing posuere sed sed dolor magna sending to kafka topic twitter-topic
2023-08-21 16:39:43 [pool-1-thread-1] INFO  c.m.d.k.p.c.s.i.TwitterkafkaProducer - Sending message='{"userId": 9186051123046067697, "id": 5090800565184965966, "text": "sed posuere Maecenas Fusce ultricies porttitor porttitor amet ipsum adipiscing malesuada Kafka congue sed ultricies adipiscing posuere sed sed dolor magna", "createdAt": 1692616183000}' to topic='twitter-topic'
2023-08-21 16:39:44 [pool-1-thread-1] INFO  c.m.d.t.s.l.TwitterToKafkaStatusListener - Received status text posuere dolor ultricies Maecenas porttitor dolor amet Elasticsearch massa Fusce adipiscing elit adipiscing Lorem sending to kafka topic twitter-topic
2023-08-21 16:39:44 [pool-1-thread-1] INFO  c.m.d.k.p.c.s.i.TwitterkafkaProducer - Sending message='{"userId": 680257936299508342, "id": 9059827932672924476, "text": "posuere dolor ultricies Maecenas porttitor dolor amet Elasticsearch massa Fusce adipiscing elit adipiscing Lorem", "createdAt": 1692616184000}' to topic='twitter-topic'
2023-08-21 16:39:45 [pool-1-thread-1] INFO  c.m.d.t.s.l.TwitterToKafkaStatusListener - Received status text Lorem lectus Fusce Fusce sed dolor massa Java ipsum consectetuer Fusce consectetuer congue lectus sending to kafka topic twitter-topic
2023-08-21 16:39:45 [pool-1-thread-1] INFO  c.m.d.k.p.c.s.i.TwitterkafkaProducer - Sending message='{"userId": 1156538282036604825, "id": 1501390649874683350, "text": "Lorem lectus Fusce Fusce sed dolor massa Java ipsum consectetuer Fusce consectetuer congue lectus", "createdAt": 1692616185000}' to topic='twitter-topic'
2023-08-21 16:39:46 [pool-1-thread-1] INFO  c.m.d.t.s.l.TwitterToKafkaStatusListener - Received status text dolor Maecenas Fusce dolor Kafka dolor libero libero sending to kafka topic twitter-topic
2023-08-21 16:39:46 [pool-1-thread-1] INFO  c.m.d.k.p.c.s.i.TwitterkafkaProducer - Sending message='{"userId": 1280387528353305309, "id": 2701219616678677641, "text": "dolor Maecenas Fusce dolor Kafka dolor libero libero", "createdAt": 1692616186000}' to topic='twitter-topic'
2023-08-21 16:39:47 [pool-1-thread-1] INFO  c.m.d.t.s.l.TwitterToKafkaStatusListener - Received status text libero pulvinar amet massa sit libero Fusce amet porttitor Java posuere libero consectetuer dolor consectetuer Lorem sed sending to kafka topic twitter-topic
2023-08-21 16:39:47 [pool-1-thread-1] INFO  c.m.d.k.p.c.s.i.TwitterkafkaProducer - Sending message='{"userId": 6043031732937966606, "id": 5050343414925286535, "text": "libero pulvinar amet massa sit libero Fusce amet porttitor Java posuere libero consectetuer dolor consectetuer Lorem sed", "createdAt": 1692616187000}' to topic='twitter-topic'
2023-08-21 16:39:48 [pool-1-thread-1] INFO  c.m.d.t.s.l.TwitterToKafkaStatusListener - Received status text congue libero ultricies porttitor dolor dolor porttitor massa pulvinar Lorem Microservices dolor massa magna purus elit Maecenas ultricies Maecenas Fusce sending to kafka topic twitter-topic
2023-08-21 16:39:48 [pool-1-thread-1] INFO  c.m.d.k.p.c.s.i.TwitterkafkaProducer - Sending message='{"userId": 7765263151578514287, "id": 2145942629465543072, "text": "congue libero ultricies porttitor dolor dolor porttitor massa pulvinar Lorem Microservices dolor massa magna purus elit Maecenas ultricies Maecenas Fusce", "createdAt": 1692616188000}' to topic='twitter-topic'
2023-08-21 16:39:50 [pool-1-thread-1] INFO  c.m.d.t.s.l.TwitterToKafkaStatusListener - Received status text malesuada purus amet malesuada purus Elasticsearch ipsum Maecenas ipsum sending to kafka topic twitter-topic
2023-08-21 16:39:50 [pool-1-thread-1] INFO  c.m.d.k.p.c.s.i.TwitterkafkaProducer - Sending message='{"userId": 5614389288880151028, "id": 3323316237081334362, "text": "malesuada purus amet malesuada purus Elasticsearch ipsum Maecenas ipsum", "createdAt": 1692616190000}' to topic='twitter-topic'
